Ready...
5A A5 5 21 20 65 0 4 25 12 0 0 

5A A5 5 21 20 65 0 4 31 25 0 0 

5A A5 7 21 20 64 0 6 31 25 0 0 7 1 

5A A5 5 21 20 65 0 4 31 25 0 0 

5A A5 5 21 20 65 0 4 31 24 0 0 

5A A5 5 21 20 65 0 4 31 24 0 0 

5A A5 5 21 20 65 0 4 31 24 0 0 

5A A5 7 21 20 64 0 6 31 25 0 0 7 1 

5A A5 5 21 20 65 0 4 31 25 0 0 

5A A5 5 21 20 65 0 4 31 25 0 0 

5A A5 5 21 20 65 0 4 31 24 0 0 

5A A5 5 21 20 65 0 4 31 24 0 0 

5A A5 7 21 20 64 0 6 31 24 0 0 7 1 

5A A5 5 21 20 65 0 4 31 25 0 0 

5A A5 5 21 20 65 0 4 31 25 0 0 

5A A5 5 21 20 65 0 4 31 25 0 0 

5A A5 5 21 20 65 0 4 31 25 0 0 

5A A5 7 21 20 64 0 6 31 25 0 0 7 1 

5A A5 5 21 20 65 0 4 31 25 0 0 

5A A5 6 20 21 64 0 0 0 0 0 0 0 

5A A5 6 20 21 64 0 0 0 0 0 0 0 

5A A5 7 21 20 64 0 6 31 24 0 0 7 1 

5A A5 0 20 21 1 0 

5A A5 7 21 20 64 0 6 31 25 0 0 7 1 

5A A5 5 21 20 65 0 4 31 25 0 0 

5A A5 5 21 20 65 0 4 31 24 0 0 

5A A5 7 21 20 64 0 6 31 24 0 0 7 1 

5A A5 5 21 20 65 0 4 31 25 0 0 

5A A5 5 21 20 65 0 4 31 24 0 0 

5A A5 7 21 20 64 0 6 31 24 0 0 7 1 

5A A5 5 21 20 65 0 4 31 25 0 0 

5A A5 5 21 20 65 0 4 31 25 0 0 

5A A5 7 21 20 64 0 6 31 24 0 0 7 1 

5A A5 5 21 20 65 0 4 31 24 0 0 

5A A5 5 21 20 65 0 4 31 25 0 0 

5A A5 7 21 20 64 0 6 31 25 0 0 7 1 

5A A5 5 21 20 65 0 4 31 24 0 0 

5A A5 5 21 20 65 0 4 31 24 0 0 

5A A5 7 21 20 64 0 6 31 25 0 0 7 1 

5A A5 5 21 20 65 0 4 31 25 0 0 

5A A5 5 21 20 65 0 4 31 24 0 0 

5A A5 7 21 20 64 0 6 31 24 0 0 7 1 

5A A5 5 21 20 65 0 4 31 25 0 0 

5A A5 5 21 20 65 0 4 31 24 0 0 

5A A5 7 21 20 64 0 6 31 24 0 0 7 1 

5A A5 5 21 20 65 0 4 31 24 0 0 

5A A5 5 21 20 65 0 4 31 25 0 0 

5A A5 7 21 20 64 0 6 31 24 0 0 7 1 

5A A5 5 21 20 65 0 4 31 24 0 0 

5A A5 5 21 20 65 0 4 31 25 0 0 

5A A5 7 21 20 64 0 6 31 24 0 0 7 1 

5A A5 5 21 20 65 0 4 31 24 0 0 

5A A5 5 21 20 65 0 4 31 24 0 0 

5A A5 7 21 20 64 0 6 31 25 0 0 7 1 

5A A5 5 21 20 65 0 4 31 25 0 0 

5A A5 5 21 20 65 0 4 31 24 0 0 

5A A5 7 21 20 64 0 6 31 25 0 0 7 1 

5A A5 5 21 20 65 0 4 31 25 0 0 

5A A5 5 21 20 65 0 4 31 24 0 0 

5A A5 7 21 20 64 0 6 31 24 0 0 7 1 

5A A5 5 21 20 65 0 4 31 24 0 0 

5A A5 5 21 20 65 0 4 31 25 0 0 

5A A5 7 21 20 64 0 6 31 24 0 0 7 1 

5A A5 5 21 20 65 0 4 31 24 0 0 

5A A5 5 21 20 65 0 4 31 24 0 0 

5A A5 7 21 20 64 0 6 31 25 0 0 7 1 

5A A5 5 21 20 65 0 4 31 24 0 0 

5A A5 5 21 20 65 0 4 31 24 0 0 

5A A5 7 21 20 64 0 6 31 25 0 0 7 1 

5A A5 5 21 20 65 0 4 31 25 0 0 

5A A5 5 21 20 65 0 4 31 24 0 0 

5A A5 7 21 20 64 0 6 31 24 0 0 7 1 

5A A5 5 21 20 65 0 4 31 25 0 0 

5A A5 5 21 20 65 0 4 31 24 0 0 

5A A5 7 21 20 64 0 6 31 24 0 0 7 1 

5A A5 5 21 20 65 0 4 31 24 0 0 

5A A5 5 21 20 65 0 4 31 25 0 0 

5A A5 7 21 20 64 0 6 31 24 0 0 7 1 

5A A5 5 21 20 65 0 4 31 24 0 0 

5A A5 5 21 20 65 0 4 31 24 0 0 

5A A5 7 21 20 64 0 6 31 25 0 0 7 1 

5A A5 5 21 20 65 0 4 31 25 0 0 

5A A5 5 21 20 65 0 4 31 24 0 0 

5A A5 7 21 20 64 0 6 31 24 0 0 7 1 

5A A5 5 21 20 65 0 4 31 24 0 0 

5A A5 5 21 20 65 0 4 31 25 0 0 

5A A5 7 21 20 64 0 6 31 24 0 0 7 1 

5A A5 5 21 20 65 0 4 31 24 0 0 

5A A5 5 21 20 65 0 4 31 25 0 0 

5A A5 7 21 20 64 0 6 31 24 0 0 7 1 

5A A5 5 21 20 65 0 4 31 24 0 0 

5A A5 5 21 20 65 0 4 31 24 0 0 

5A A5 7 21 20 64 0 6 31 25 0 0 7 1 

5A A5 5 21 20 65 0 4 31 25 0 0 

5A A5 5 21 20 65 0 4 31 24 0 0 

5A A5 7 21 20 64 0 6 31 24 0 0 7 1 

5A A5 5 21 20 65 0 4 31 25 0 0 

5A A5 5 21 20 65 0 4 31 24 0 0 

5A A5 7 21 20 64 0 6 31 24 0 0 7 1 

5A A5 5 21 20 65 0 4 31 24 0 0 

5A A5 5 21 20 65 0 4 31 25 0 0 

5A A5 7 21 20 64 0 6 31 24 0 0 7 1 

5A A5 5 21 20 65 0 4 31 24 0 0 

5A A5 5 21 20 65 0 4 31 24 0 0 

5A A5 7 21 20 64 0 6 31 25 0 0 7 1 

5A A5 5 21 20 65 0 4 31 25 0 0 

5A A5 5 21 20 65 0 4 31 24 0 0 

5A A5 7 21 20 64 0 6 31 24 0 0 7 1 

5A A5 5 21 20 65 0 4 31 24 0 0 

5A A5 5 21 20 65 0 4 31 25 0 0 

5A A5 7 21 20 64 0 6 31 24 0 0 7 1 

5A A5 5 21 20 65 0 4 31 25 0 0 

5A A5 5 21 20 65 0 4 31 25 0 0 

5A A5 7 21 20 64 0 6 31 24 0 0 7 1 

5A A5 5 21 20 65 0 4 31 24 0 0 

5A A5 5 21 20 65 0 4 31 24 0 0 

5A A5 7 21 20 64 0 6 31 25 0 0 7 1 

5A A5 5 21 20 65 0 4 31 25 0 0 

5A A5 5 21 20 65 0 4 31 24 0 0 

5A A5 7 21 20 64 0 6 31 24 0 0 7 1 

5A A5 5 21 20 65 0 4 31 25 0 0 

5A A5 5 21 20 65 0 4 31 24 0 0 

5A A5 7 21 20 64 0 6 31 24 0 0 7 1 

5A A5 5 21 20 65 0 4 31 24 0 0 

5A A5 5 21 20 65 0 4 31 25 0 0 

5A A5 7 21 20 64 0 6 31 24 0 0 7 1 

5A A5 5 21 20 65 0 4 31 24 0 0 

5A A5 5 21 20 65 0 4 31 24 0 0 

5A A5 7 21 20 64 0 6 31 25 0 0 7 1 

5A A5 5 21 20 65 0 4 31 25 0 0 

5A A5 5 21 20 65 0 4 31 24 0 0 

5A A5 7 21 20 64 0 6 31 24 0 0 7 1 

5A A5 5 21 20 65 0 4 31 24 0 0 

5A A5 5 21 20 65 0 4 31 25 0 0 

5A A5 7 21 20 64 0 6 31 24 0 0 7 1 

5A A5 5 21 20 65 0 4 31 24 0 0 

5A A5 5 21 20 65 0 4 31 24 0 0 

5A A5 7 21 20 64 0 6 31 25 0 0 7 1 

5A A5 5 21 20 65 0 4 31 24 0 0 

5A A5 5 21 20 65 0 4 31 24 0 0 

5A A5 7 21 20 64 0 6 31 25 0 0 7 1 

5A A5 5 21 20 65 0 4 31 25 0 0 

5A A5 5 21 20 65 0 4 31 25 0 0 

5A A5 7 21 20 64 0 6 31 24 0 0 7 1 

5A A5 5 21 20 65 0 4 31 24 0 0 

5A A5 5 21 20 65 0 4 31 25 0 0 

5A A5 7 21 20 64 0 6 31 24 0 0 7 1 

5A A5 5 21 20 65 0 4 31 24 0 0 

5A A5 5 21 20 65 0 4 31 25 0 0 

5A A5 7 21 20 64 0 6 31 25 0 0 7 1 

5A A5 5 21 20 65 0 4 31 24 0 0 

5A A5 5 21 20 65 0 4 31 24 0 0 

5A A5 7 21 20 64 0 6 31 25 0 0 7 1 

5A A5 5 21 20 65 0 4 31 25 0 0 

5A A5 5 21 20 65 0 4 31 25 0 0 

5A A5 7 21 20 64 0 6 31 24 0 0 7 1 

5A A5 5 21 20 65 0 4 31 24 0 0 

5A A5 5 21 20 65 0 4 31 25 0 0 

5A A5 7 21 20 64 0 6 31 24 0 0 7 1 

5A A5 5 21 20 65 0 4 31 24 0 0 

5A A5 5 21 20 65 0 4 31 24 0 0 

5A A5 7 21 20 64 0 6 31 25 0 0 7 1 

5A A5 5 21 20 65 0 4 31 25 0 0 

5A A5 5 21 20 65 0 4 31 24 0 0 

5A A5 7 21 20 64 0 6 31 24 0 0 7 1 

5A A5 5 21 20 65 0 4 31 25 0 0 

5A A5 5 21 20 65 0 4 31 25 0 0 

5A A5 7 21 20 64 0 6 31 24 0 0 7 1 

5A A5 5 21 20 65 0 4 31 24 0 0 

5A A5 5 21 20 65 0 4 31 25 0 0 

5A A5 7 21 20 64 0 6 31 24 0 0 7 1 

5A A5 5 21 20 65 0 4 31 24 0 0 

5A A5 5 21 20 65 0 4 31 24 0 0 

5A A5 7 21 20 64 0 6 31 25 0 0 7 1 

5A A5 5 21 20 65 0 4 31 25 0 0 

5A A5 5 21 20 65 0 4 31 24 0 0 

5A A5 7 21 20 64 0 6 31 25 0 0 7 1 

5A A5 5 21 20 65 0 4 31 25 0 0 

5A A5 5 21 20 65 0 4 31 25 0 0 

5A A5 7 21 20 64 0 6 31 24 0 0 7 1 

5A A5 5 21 20 65 0 4 31 24 0 0 

5A A5 5 21 20 65 0 4 31 24 0 0 

5A A5 7 21 20 64 0 6 31 25 0 0 7 1 

5A A5 5 21 20 65 0 4 31 25 0 0 

5A A5 5 21 20 65 0 4 31 24 0 0 

5A A5 7 21 20 64 0 6 31 25 0 0 7 1 

5A A5 5 21 20 65 0 4 31 25 0 0 

5A A5 5 21 20 65 0 4 31 24 0 0 

5A A5 7 21 20 64 0 6 31 24 0 0 7 1 

5A A5 5 21 20 65 0 4 31 24 0 0 

5A A5 5 21 20 65 0 4 31 25 0 0 

5A A5 7 21 20 64 0 6 31 24 0 0 7 1 

5A A5 5 21 20 65 0 4 31 24 0 0 

5A A5 5 21 20 65 0 4 31 24 0 0 

5A A5 7 21 20 64 0 6 31 25 0 0 7 1 

5A A5 5 21 20 65 0 4 31 24 0 0 

5A A5 5 21 20 65 0 4 31 24 0 0 

5A A5 7 21 20 64 0 6 31 24 0 0 7 1 

5A A5 5 21 20 65 0 4 31 25 0 0 

5A A5 5 21 20 65 0 4 31 24 0 0 

5A A5 7 21 20 64 0 6 31 24 0 0 7 1 

5A A5 5 21 20 65 0 4 31 24 0 0 

5A A5 5 21 20 65 0 4 31 25 0 0 

5A A5 7 21 20 64 0 6 31 25 0 0 7 1 

5A A5 5 21 20 65 0 4 31 24 0 0 

5A A5 5 21 20 65 0 4 31 24 0 0 

5A A5 7 21 20 64 0 6 31 24 0 0 7 1 

5A A5 5 21 20 65 0 4 31 25 0 0 

5A A5 5 21 20 65 0 4 31 25 0 0 

5A A5 7 21 20 64 0 6 31 24 0 0 7 1 

5A A5 5 21 20 65 0 4 31 25 0 0 

5A A5 5 21 20 65 0 4 31 25 0 0 

5A A5 7 21 20 64 0 6 C 24 0 0 7 1 

5A A5 5 21 20 65 0 4 0 24 0 0 

5A A5 5 21 20 65 0 4 0 24 0 0 

5A A5 7 21 20 64 0 6 0 25 0 0 7 1 

5A A5 5 21 20 65 0 4 0 25 0 0 

5A A5 5 21 20 65 0 4 0 25 0 0 

5A A5 7 21 20 64 0 6 0 24 0 0 7 1 

5A A5 5 21 20 65 0 4 0 25 0 0 

5A A5 5 21 20 65 0 4 0 24 0 0 

5A A5 7 21 20 64 0 6 0 24 0 0 7 1 

5A A5 5 21 20 65 0 4 0 24 0 0 

5A A5 5 21 20 65 0 4 0 25 0 0 

5A A5 7 21 20 64 0 6 0 24 0 0 7 1 

5A A5 5 21 20 65 0 4 0 24 0 0 

5A A5 5 21 20 65 0 4 0 24 0 0 

5A A5 7 21 20 64 0 6 0 25 0 0 7 1 

5A A5 5 21 20 65 0 4 0 25 0 0 

5A A5 5 21 20 65 0 4 0 24 0 0 

5A A5 7 21 20 64 0 6 0 24 0 0 7 1 

5A A5 5 21 20 65 0 4 0 24 0 0 

5A A5 5 21 20 65 0 4 0 25 0 0 

5A A5 7 21 20 64 0 6 0 24 0 0 7 1 

5A A5 5 21 20 65 0 4 0 24 0 0 

5A A5 5 21 20 65 0 4 0 24 0 0 

5A A5 7 21 20 64 0 6 0 25 0 0 7 1 

5A A5 5 21 20 65 0 4 0 25 0 0 

5A A5 5 21 20 65 0 4 0 24 0 0 

5A A5 7 21 20 64 0 6 0 24 0 0 7 1 

5A A5 5 21 20 65 0 4 0 25 0 0 

5A A5 5 21 20 65 0 4 0 24 0 0 

5A A5 7 21 20 64 0 6 0 25 0 0 7 1 

5A A5 5 21 20 65 0 4 0 25 0 0 

5A A5 5 21 20 65 0 4 0 25 0 0 

5A A5 7 21 20 64 0 6 0 24 0 0 7 1 

5A A5 5 21 20 65 0 4 0 24 0 0 

5A A5 5 21 20 65 0 4 0 24 0 0 

5A A5 7 21 20 64 0 6 0 25 0 0 7 1 

5A A5 5 21 20 65 0 4 0 25 0 0 

5A A5 5 21 20 65 0 4 0 24 0 0 

5A A5 7 21 20 64 0 6 0 24 0 0 7 1 

5A A5 5 21 20 65 0 4 0 25 0 0 

5A A5 5 21 20 65 0 4 0 25 0 0 

5A A5 7 21 20 64 0 6 0 24 0 0 7 1 

5A A5 5 21 20 65 0 4 0 24 0 0 

5A A5 5 21 20 65 0 4 0 24 0 0 

5A A5 7 21 20 64 0 6 0 25 0 0 7 1 

5A A5 5 21 20 65 0 4 0 25 0 0 

5A A5 5 21 20 65 0 4 0 24 0 0 

5A A5 7 21 20 64 0 6 0 25 0 0 7 1 

5A A5 5 21 20 65 0 4 0 25 0 1 

5A A5 5 21 20 65 0 4 0 25 0 1 

5A A5 7 21 20 64 0 6 0 24 0 1 7 1 

5A A5 5 21 20 65 0 4 0 24 0 1 

5A A5 5 21 20 65 0 4 0 25 0 1 

5A A5 7 21 20 64 0 6 0 25 0 1 7 1 

5A A5 5 21 20 65 0 4 0 25 0 1 

5A A5 5 21 20 65 0 4 0 25 0 1 

5A A5 7 21 20 64 0 6 0 25 0 1 7 1 

5A A5 5 21 20 65 0 4 0 25 0 1 

5A A5 5 21 20 65 0 4 0 24 0 1 

5A A5 7 21 20 64 0 6 0 24 0 1 7 1 

5A A5 5 21 20 65 0 4 0 25 0 0 

5A A5 5 21 20 65 0 4 0 25 0 0 

5A A5 7 21 20 64 0 6 0 25 0 0 7 1 

5A A5 5 21 20 65 0 4 0 25 0 0 

5A A5 5 21 20 65 0 4 0 25 0 0 

5A A5 7 21 20 64 0 6 0 25 0 0 7 1 

5A A5 5 21 20 65 0 4 0 25 0 0 

5A A5 5 21 20 65 0 4 0 24 0 0 

5A A5 7 21 20 64 0 6 0 24 0 0 7 1 

5A A5 5 21 20 65 0 4 0 24 0 0 

5A A5 5 21 20 65 0 4 0 25 0 0 

5A A5 7 21 20 64 0 6 0 25 0 0 7 1 

5A A5 5 21 20 65 0 4 0 25 0 1 

5A A5 5 21 20 65 0 4 0 25 0 1 

5A A5 7 21 20 64 0 6 0 25 0 0 7 1 

5A A5 5 21 20 65 0 4 0 25 0 0 

5A A5 5 21 20 65 0 4 0 24 0 0 

5A A5 7 21 20 64 0 6 0 24 0 0 7 1 

5A A5 5 21 20 65 0 4 0 25 0 0 

5A A5 5 21 20 65 0 4 0 25 0 0 

5A A5 7 21 20 64 0 6 0 24 0 0 7 1 

5A A5 5 21 20 65 0 4 0 24 0 1 

5A A5 5 21 20 65 0 4 0 25 0 1 

5A A5 7 21 20 64 0 6 0 25 0 0 7 1 

5A A5 5 21 20 65 0 4 0 24 0 0 

5A A5 5 21 20 65 0 4 0 24 0 0 

5A A5 7 21 20 64 0 6 0 25 0 0 7 1 

5A A5 5 21 20 65 0 4 0 25 0 0 

5A A5 5 21 20 65 0 4 0 25 0 0 

5A A5 7 21 20 64 0 6 0 25 0 0 7 1 

5A A5 5 21 20 65 0 4 0 25 0 1 

5A A5 5 21 20 65 0 4 0 25 0 1 

5A A5 7 21 20 64 0 6 0 25 0 0 7 1 

5A A5 5 21 20 65 0 4 0 24 0 0 

5A A5 5 21 20 65 0 4 0 24 0 0 

5A A5 7 21 20 64 0 6 0 24 0 0 7 1 

5A A5 5 21 20 65 0 4 0 25 0 0 

5A A5 5 21 20 65 0 4 0 24 0 0 

5A A5 7 21 20 64 0 6 0 25 0 0 7 1 

5A A5 5 21 20 65 0 4 0 24 0 1 

5A A5 5 21 20 65 0 4 0 25 0 1 

5A A5 7 21 20 64 0 6 0 24 0 0 7 1 

5A A5 5 21 20 65 0 4 0 24 0 0 

5A A5 5 21 20 65 0 4 0 24 0 0 

5A A5 7 21 20 64 0 6 5C 25 0 0 7 1 

5A A5 5 21 20 65 0 4 78 25 0 0 

5A A5 5 21 20 65 0 4 1F 24 0 0 

5A A5 7 21 20 64 0 6 1F 24 0 0 7 1 

5A A5 5 21 20 65 0 4 0 25 0 0 

5A A5 5 21 20 65 0 4 0 25 0 0 

5A A5 7 21 20 64 0 6 0 24 0 0 7 1 

5A A5 5 21 20 65 0 4 0 24 0 0 

5A A5 5 21 20 65 0 4 0 25 0 0 

5A A5 7 21 20 64 0 6 0 24 0 0 7 1 

5A A5 5 21 20 65 0 4 0 24 0 0 

5A A5 5 21 20 65 0 4 0 24 0 0 

5A A5 7 21 20 64 0 6 0 25 0 0 7 1 

5A A5 5 21 20 65 0 4 0 25 0 0 

5A A5 5 21 20 65 0 4 0 25 0 0 

5A A5 7 21 20 64 0 6 0 24 0 0 7 1 

5A A5 5 21 20 65 0 4 0 24 0 0 

5A A5 5 21 20 65 0 4 0 25 0 0 

5A A5 7 21 20 64 0 6 0 25 0 0 7 1 

5A A5 5 21 20 65 0 4 0 24 0 0 

5A A5 5 21 20 65 0 4 0 24 0 0 

5A A5 7 21 20 64 0 6 0 25 0 0 7 1 

5A A5 5 21 20 65 0 4 0 25 0 0 

5A A5 5 21 20 65 0 4 0 24 0 0 

5A A5 7 21 20 64 0 6 0 24 0 0 7 1 

5A A5 5 21 20 65 0 4 0 24 0 0 

5A A5 5 21 20 65 0 4 0 25 0 0 

5A A5 7 21 20 64 0 6 0 24 0 0 7 1 

5A A5 5 21 20 65 0 4 0 24 0 0 

5A A5 5 21 20 65 0 4 0 24 0 0 

5A A5 7 21 20 64 0 6 0 25 0 0 7 1 

5A A5 5 21 20 65 0 4 0 24 0 0 

5A A5 5 21 20 65 0 4 0 24 0 0 

5A A5 7 21 20 64 0 6 0 24 0 0 7 1 

5A A5 5 21 20 65 0 4 0 25 0 0 

5A A5 5 21 20 65 0 4 0 25 0 0 

5A A5 7 21 20 64 0 6 0 24 0 0 7 1 

5A A5 5 21 20 65 0 4 5D 24 0 1 

5A A5 5 21 20 65 0 4 7C 25 0 1 

5A A5 7 21 20 64 0 6 1F 25 0 1 7 1 

5A A5 5 21 20 65 0 4 6 25 0 1 

5A A5 5 21 20 65 0 4 7C 24 0 1 

5A A5 7 21 20 64 0 6 7C 24 0 1 7 1 

5A A5 5 21 20 65 0 4 7C 24 0 1 

5A A5 5 21 20 65 0 4 7C 25 0 1 

5A A5 7 21 20 64 0 6 7C 24 0 1 7 1 

5A A5 5 21 20 65 0 4 7C 24 0 1 

5A A5 5 21 20 65 0 4 1F 25 0 1 

5A A5 7 21 20 64 0 6 0 25 0 1 7 1 

5A A5 5 21 20 65 0 4 0 24 0 0 

5A A5 5 21 20 65 0 4 0 24 0 0 

5A A5 7 21 20 64 0 6 0 24 0 0 7 1 

5A A5 5 21 20 65 0 4 0 25 0 0 

5A A5 5 21 20 65 0 4 0 25 0 0 

5A A5 7 21 20 64 0 6 0 24 0 0 7 1 

5A A5 5 21 20 65 0 4 0 24 0 0 

5A A5 5 21 20 65 0 4 0 25 0 0 

5A A5 7 21 20 64 0 6 0 24 0 0 7 1 

5A A5 5 21 20 65 0 4 0 24 0 0 

5A A5 5 21 20 65 0 4 0 24 0 0 

5A A5 7 21 20 64 0 6 0 25 0 0 7 1 

5A A5 5 21 20 65 0 4 0 25 0 0 

5A A5 5 21 20 65 0 4 0 24 0 0 

5A A5 7 21 20 64 0 6 0 24 0 0 7 1 

5A A5 5 21 20 65 0 4 0 25 0 0 

5A A5 5 21 20 65 0 4 0 25 0 0 

5A A5 7 21 20 64 0 6 0 24 0 0 7 1 

5A A5 5 21 20 65 0 4 0 24 0 0 

5A A5 5 21 20 65 0 4 0 24 0 0 

5A A5 7 21 20 64 0 6 0 25 0 0 7 1 

5A A5 5 21 20 65 0 4 0 25 0 0 

5A A5 5 21 20 65 0 4 0 24 0 0 

5A A5 7 21 20 64 0 6 0 24 0 0 7 1 

5A A5 5 21 20 65 0 4 0 25 0 0 

5A A5 5 21 20 65 0 4 0 25 0 0 

5A A5 7 21 20 64 0 6 0 24 0 0 7 1 

5A A5 5 21 20 65 0 4 0 24 0 0 

5A A5 5 21 20 65 0 4 0 24 0 0 

5A A5 7 21 20 64 0 6 0 25 0 0 7 1 

5A A5 5 21 20 65 0 4 0 25 0 0 

5A A5 5 21 20 65 0 4 0 25 0 0 

5A A5 7 21 20 64 0 6 0 25 0 0 7 1 

5A A5 5 21 20 65 0 4 0 25 0 0 

5A A5 5 21 20 65 0 4 0 25 0 0 

5A A5 7 21 20 64 0 6 0 24 0 0 7 1 

5A A5 5 21 20 65 0 4 0 24 0 0 

5A A5 5 21 20 65 0 4 0 25 0 0 

5A A5 7 21 20 64 0 6 0 25 0 0 7 1 

5A A5 5 21 20 65 0 4 0 25 0 0 

5A A5 5 21 20 65 0 4 0 25 0 0 

5A A5 7 21 20 64 0 6 0 25 0 0 7 1 

5A A5 5 21 20 65 0 4 0 25 0 0 

5A A5 5 21 20 65 0 4 7C 25 0 0 

5A A5 7 21 20 64 0 6 7C 24 0 0 7 1 

5A A5 5 21 20 65 0 4 7C 24 0 1 

5A A5 5 21 20 65 0 4 7C 24 0 1 

5A A5 7 21 20 64 0 6 7C 25 0 1 7 1 

5A A5 5 21 20 65 0 4 7C 25 0 1 

5A A5 5 21 20 65 0 4 7B 24 0 1 

5A A5 7 21 20 64 0 6 7C 24 0 1 7 1 

5A A5 5 21 20 65 0 4 7C 24 0 1 

5A A5 5 21 20 65 0 4 7C 25 0 1 

5A A5 7 21 20 64 0 6 7C 24 0 1 7 1 

5A A5 5 21 20 65 0 4 7C 24 0 1 

5A A5 5 21 20 65 0 4 7C 24 0 1 

5A A5 7 21 20 64 0 6 7C 25 0 1 7 1 

5A A5 5 21 20 65 0 4 7C 24 0 0 

5A A5 5 21 20 65 0 4 7C 24 0 0 

5A A5 7 21 20 64 0 6 7C 25 0 0 7 1 

5A A5 5 21 20 65 0 4 7C 25 0 0 

5A A5 5 21 20 65 0 4 7C 24 0 0 

5A A5 7 21 20 64 0 6 7C 24 0 0 7 1 

5A A5 5 21 20 65 0 4 7C 24 0 0 

5A A5 5 21 20 65 0 4 7C 25 0 0 

5A A5 7 21 20 64 0 6 7C 25 0 0 7 1 

5A A5 5 21 20 65 0 4 7C 25 0 0 

5A A5 5 21 20 65 0 4 7C 24 0 0 

5A A5 7 21 20 64 0 6 7C 25 0 0 7 1 

5A A5 5 21 20 65 0 4 7C 25 0 0 

5A A5 5 21 20 65 0 4 7C 25 0 0 

5A A5 7 21 20 64 0 6 7C 24 0 0 7 1 

5A A5 5 21 20 65 0 4 7C 24 0 0 

5A A5 5 21 20 65 0 4 7C 25 0 0 

5A A5 7 21 20 64 0 6 7C 25 0 0 7 1 

5A A5 5 21 20 65 0 4 7C 24 0 0 

5A A5 5 21 20 65 0 4 7C 24 0 0 

5A A5 7 21 20 64 0 6 7C 25 0 0 7 1 

5A A5 5 21 20 65 0 4 7C 25 0 0 

5A A5 5 21 20 65 0 4 7C 24 0 0 

5A A5 7 21 20 64 0 6 7C 24 0 0 7 1 

5A A5 5 21 20 65 0 4 7C 24 0 0 

5A A5 5 21 20 65 0 4 7C 25 0 0 

5A A5 7 21 20 64 0 6 7C 24 0 0 7 1 

5A A5 5 21 20 65 0 4 7C 24 0 0 

5A A5 5 21 20 65 0 4 7C 24 0 0 

5A A5 7 21 20 64 0 6 7C 25 0 0 7 1 

5A A5 5 21 20 65 0 4 7C 25 0 0 

5A A5 5 21 20 65 0 4 7C 24 0 0 

5A A5 7 21 20 64 0 6 7C 24 0 0 7 1 

5A A5 5 21 20 65 0 4 7C 25 0 0 

5A A5 5 21 20 65 0 4 7C 25 0 0 

5A A5 7 21 20 64 0 6 7C 24 0 0 7 1 

5A A5 5 21 20 65 0 4 7C 24 0 0 

5A A5 5 21 20 65 0 4 7C 25 0 0 

5A A5 7 21 20 64 0 6 7C 25 0 0 7 1 

5A A5 5 21 20 65 0 4 7C 25 0 0 

5A A5 5 21 20 65 0 4 7C 24 0 0 

5A A5 7 21 20 64 0 6 7C 24 0 0 7 1 

5A A5 5 21 20 65 0 4 7C 24 0 0 

5A A5 5 21 20 65 0 4 7C 25 0 0 

5A A5 7 21 20 64 0 6 7C 25 0 0 7 1 

5A A5 5 21 20 65 0 4 7C 25 0 0 

5A A5 5 21 20 65 0 4 7C 25 0 0 

5A A5 7 21 20 64 0 6 7C 25 0 0 7 1 

5A A5 5 21 20 65 0 4 7C 25 0 0 

5A A5 5 21 20 65 0 4 7C 24 0 0 

5A A5 7 21 20 64 0 6 7C 24 0 0 7 1 

5A A5 5 21 20 65 0 4 7C 25 0 0 

5A A5 5 21 20 65 0 4 7C 25 0 0 

5A A5 7 21 20 64 0 6 7C 24 0 0 7 1 

5A A5 5 21 20 65 0 4 7C 24 0 0 

5A A5 5 21 20 65 0 4 7C 25 0 0 

5A A5 7 21 20 64 0 6 7C 24 0 0 7 1 

5A A5 5 21 20 65 0 4 7C 24 0 0 

5A A5 5 21 20 65 0 4 7C 24 0 0 

5A A5 7 21 20 64 0 6 7C 25 0 0 7 1 

5A A5 5 21 20 65 0 4 7C 25 0 0 

5A A5 5 21 20 65 0 4 7C 24 0 0 

5A A5 7 21 20 64 0 6 7C 24 0 0 7 1 

5A A5 5 21 20 65 0 4 7C 24 0 0 

5A A5 5 21 20 65 0 4 7C 25 0 0 

5A A5 7 21 20 64 0 6 7C 25 0 0 7 1 

5A A5 5 21 20 65 0 4 7C 24 0 0 

5A A5 5 21 20 65 0 4 7C 24 0 0 

5A A5 7 21 20 64 0 6 7C 25 0 0 7 1 

5A A5 5 21 20 65 0 4 7C 25 0 0 

5A A5 5 21 20 65 0 4 7C 25 0 0 

5A A5 7 21 20 64 0 6 7C 25 0 0 7 1 

5A A5 5 21 20 65 0 4 7C 25 0 0 

5A A5 5 21 20 65 0 4 7C 25 0 0 

5A A5 7 21 20 64 0 6 7C 24 0 0 7 1 

5A A5 5 21 20 65 0 4 7C 24 0 0 

5A A5 5 21 20 65 0 4 7C 24 0 0 

5A A5 7 21 20 64 0 6 7C 25 0 0 7 1 

5A A5 5 21 20 65 0 4 7C 25 0 0 

5A A5 5 21 20 65 0 4 7C 24 0 0 

5A A5 7 21 20 64 0 6 7C 24 0 0 7 1 

5A A5 5 21 20 65 0 4 7C 25 0 0 

5A A5 5 21 20 65 0 4 7C 25 0 0 

5A A5 7 21 20 64 0 6 7C 24 0 0 7 1 

5A A5 5 21 20 65 0 4 7C 24 0 0 

5A A5 5 21 20 65 0 4 7C 25 0 0 

5A A5 7 21 20 64 0 6 7C 25 0 0 7 1 

5A A5 5 21 20 65 0 4 7C 24 0 0 

5A A5 5 21 20 65 0 4 7C 24 0 0 

5A A5 7 21 20 64 0 6 7C 25 0 0 7 1 

5A A5 5 21 20 65 0 4 7C 25 0 0 

5A A5 5 21 20 65 0 4 7C 25 0 0 

5A A5 7 21 20 64 0 6 7C 24 0 0 7 1 

5A A5 5 21 20 65 0 4 7C 24 0 0 

5A A5 5 21 20 65 0 4 7C 24 0 0 

5A A5 7 21 20 64 0 6 7C 25 0 0 7 1 

5A A5 5 21 20 65 0 4 7C 25 0 0 

5A A5 5 21 20 65 0 4 7C 25 0 0 

5A A5 7 21 20 64 0 6 7C 25 0 0 7 1 

5A A5 5 21 20 65 0 4 7C 25 0 0 

5A A5 5 21 20 65 0 4 7C 24 0 0 

5A A5 7 21 20 64 0 6 7C 24 0 0 7 1 

5A A5 5 21 20 65 0 4 7C 24 0 0 

5A A5 5 21 20 65 0 4 7C 25 0 0 

5A A5 7 21 20 64 0 6 7C 25 0 0 7 1 

5A A5 5 21 20 65 0 4 7C 25 0 0 

5A A5 5 21 20 65 0 4 7C 25 0 0 

5A A5 7 21 20 64 0 6 7C 25 0 0 7 1 

5A A5 5 21 20 65 0 4 7C 24 0 0 

5A A5 5 21 20 65 0 4 7C 24 0 0 

5A A5 7 21 20 64 0 6 7C 25 0 0 7 1 

5A A5 5 21 20 65 0 4 7C 25 0 0 

5A A5 5 21 20 65 0 4 7C 24 0 0 

5A A5 7 21 20 64 0 6 7C 24 0 0 7 1 

5A A5 5 21 20 65 0 4 7C 24 0 0 

5A A5 5 21 20 65 0 4 7C 25 0 0 

5A A5 7 21 20 64 0 6 7C 25 0 0 7 1 

5A A5 5 21 20 65 0 4 7C 25 0 0 

5A A5 5 21 20 65 0 4 7C 24 0 0 

5A A5 7 21 20 64 0 6 7C 24 0 0 7 1 

5A A5 5 21 20 65 0 4 7C 25 0 0 

5A A5 5 21 20 65 0 4 7C 25 0 0 

5A A5 7 21 20 64 0 6 7C 24 0 0 7 1 

5A A5 5 21 20 65 0 4 7C 24 0 0 

5A A5 5 21 20 65 0 4 7C 25 0 0 

5A A5 7 21 20 64 0 6 7C 25 0 0 7 1 

5A A5 5 21 20 65 0 4 7C 24 0 0 

5A A5 5 21 20 65 0 4 7C 24 0 0 

5A A5 7 21 20 64 0 6 7C 25 0 0 7 1 

5A A5 5 21 20 65 0 4 7C 25 0 0 

5A A5 5 21 20 65 0 4 7C 25 0 0 

5A A5 7 21 20 64 0 6 7C 25 0 0 7 1 

5A A5 5 21 20 65 0 4 7C 25 0 0 

5A A5 5 21 20 65 0 4 7C 25 0 0 

5A A5 7 21 20 64 0 6 7C 24 0 0 7 1 

5A A5 5 21 20 65 0 4 7C 24 0 0 

5A A5 5 21 20 65 0 4 7C 24 0 0 

5A A5 7 21 20 64 0 6 7C 25 0 0 7 1 

5A A5 5 21 20 65 0 4 7C 25 0 0 

5A A5 5 21 20 65 0 4 7C 25 0 0 

5A A5 7 21 20 64 0 6 7C 24 0 0 7 1 

5A A5 5 21 20 65 0 4 7C 25 0 0 

5A A5 5 21 20 65 0 4 7C 25 0 0 

5A A5 7 21 20 64 0 6 7C 24 0 0 7 1 

5A A5 5 21 20 65 0 4 7C 24 0 0 

5A A5 5 21 20 65 0 4 7C 24 0 0 

5A A5 7 21 20 64 0 6 7C 25 0 0 7 1 

5A A5 5 21 20 65 0 4 7C 25 0 0 

5A A5 5 21 20 65 0 4 7C 24 0 0 

5A A5 7 21 20 64 0 6 7C 24 0 0 7 1 

5A A5 5 21 20 65 0 4 7C 24 0 0 

5A A5 5 21 20 65 0 4 7C 25 0 0 

5A A5 7 21 20 64 0 6 7C 24 0 0 7 1 

5A A5 5 21 20 65 0 4 7C 24 0 0 

5A A5 5 21 20 65 0 4 7C 25 0 0 

5A A5 7 21 20 64 0 6 7C 25 0 0 7 1 

5A A5 5 21 20 65 0 4 7C 25 0 0 

5A A5 5 21 20 65 0 4 7C 25 0 0 

5A A5 7 21 20 64 0 6 7C 25 0 0 7 1 

5A A5 5 21 20 65 0 4 7C 25 0 0 

5A A5 5 21 20 65 0 4 7C 24 0 0 

5A A5 7 21 20 64 0 6 7C 24 0 0 7 1 

5A A5 5 21 20 65 0 4 7C 24 0 0 

5A A5 5 21 20 65 0 4 7C 25 0 0 

5A A5 7 21 20 64 0 6 7C 25 0 0 7 1 

5A A5 5 21 20 65 0 4 7C 25 0 0 

5A A5 5 21 20 65 0 4 7C 25 0 0 

5A A5 7 21 20 64 0 6 7C 25 0 0 7 1 

5A A5 5 21 20 65 0 4 7C 25 0 0 

5A A5 5 21 20 65 0 4 7C 24 0 0 

5A A5 7 21 20 64 0 6 7C 24 0 0 7 1 

5A A5 5 21 20 65 0 4 7C 24 0 0 

5A A5 5 21 20 65 0 4 7C 25 0 0 

5A A5 7 21 20 64 0 6 7C 25 0 0 7 1 

5A A5 5 21 20 65 0 4 7C 24 0 0 

5A A5 5 21 20 65 0 4 7C 24 0 0 

5A A5 7 21 20 64 0 6 7C 25 0 0 7 1 

5A A5 5 21 20 65 0 4 7C 25 0 0 

5A A5 5 21 20 65 0 4 7C 24 0 0 

5A A5 7 21 20 64 0 6 7C 24 0 0 7 1 

5A A5 5 21 20 65 0 4 7C 24 0 0 

5A A5 5 21 20 65 0 4 7C 25 0 0 

5A A5 7 21 20 64 0 6 7C 24 0 0 7 1 

5A A5 5 21 20 65 0 4 7C 24 0 0 

5A A5 5 21 20 65 0 4 7C 24 0 0 

5A A5 7 21 20 64 0 6 7C 25 0 0 7 1 

5A A5 5 21 20 65 0 4 7C 24 0 0 

5A A5 5 21 20 65 0 4 7C 24 0 0 

5A A5 7 21 20 64 0 6 7C 24 0 0 7 1 

5A A5 5 21 20 65 0 4 7C 25 0 0 

5A A5 5 21 20 65 0 4 7C 25 0 0 

5A A5 7 21 20 64 0 6 7C 25 0 0 7 1 

5A A5 5 21 20 65 0 4 7C 25 0 0 

5A A5 5 21 20 65 0 4 7C 25 0 0 

5A A5 7 21 20 64 0 6 7C 25 0 0 7 1 

5A A5 5 21 20 65 0 4 7C 25 0 0 

5A A5 5 21 20 65 0 4 7C 24 0 0 

5A A5 7 21 20 64 0 6 7C 24 0 0 7 1 

5A A5 5 21 20 65 0 4 7C 24 0 0 

5A A5 5 21 20 65 0 4 7C 25 0 0 

5A A5 7 21 20 64 0 6 7C 25 0 0 7 1 

5A A5 5 21 20 65 0 4 7C 25 0 0 

5A A5 5 21 20 65 0 4 7C 25 0 0 

5A A5 7 21 20 64 0 6 7C 25 0 0 7 1 

5A A5 5 21 20 65 0 4 7C 24 0 0 

5A A5 5 21 20 65 0 4 7C 24 0 0 

5A A5 7 21 20 64 0 6 7C 25 0 0 7 1 

5A A5 5 21 20 65 0 4 7C 25 0 0 

5A A5 5 21 20 65 0 4 7C 24 0 0 

5A A5 7 21 20 64 0 6 7C 24 0 0 7 1 

5A A5 5 21 20 65 0 4 7C 25 0 0 

5A A5 5 21 20 65 0 4 7C 25 0 0 

5A A5 7 21 20 64 0 6 7C 24 0 0 7 1 

5A A5 5 21 20 65 0 4 7C 24 0 0 

5A A5 5 21 20 65 0 4 7C 24 0 0 

5A A5 7 21 20 64 0 6 7C 25 0 0 7 1 

5A A5 5 21 20 65 0 4 7C 24 0 0 

5A A5 5 21 20 65 0 4 7C 24 0 0 

5A A5 7 21 20 64 0 6 7C 25 0 0 7 1 

5A A5 5 21 20 65 0 4 7C 25 0 0 

5A A5 5 21 20 65 0 4 7C 25 0 0 

5A A5 7 21 20 64 0 6 7C 24 0 0 7 1 

5A A5 5 21 20 65 0 4 7C 24 0 0 

5A A5 5 21 20 65 0 4 7C 24 0 0 

5A A5 7 21 20 64 0 6 7C 25 0 0 7 1 

5A A5 5 21 20 65 0 4 7C 25 0 0 

5A A5 5 21 20 65 0 4 7C 24 0 0 

5A A5 7 21 20 64 0 6 7C 25 0 0 7 1 

5A A5 5 21 20 65 0 4 7C 25 0 0 

5A A5 5 21 20 65 0 4 7C 25 0 0 

5A A5 7 21 20 64 0 6 7C 24 0 0 7 1 

5A A5 5 21 20 65 0 4 7C 24 0 0 

5A A5 5 21 20 65 0 4 7C 24 0 0 

5A A5 7 21 20 64 0 6 7C 25 0 0 7 1 

5A A5 5 21 20 65 0 4 7C 24 0 0 

5A A5 5 21 20 65 0 4 7C 24 0 0 

5A A5 7 21 20 64 0 6 7C 25 0 0 7 1 

5A A5 5 21 20 65 0 4 7C 25 0 0 

5A A5 5 21 20 65 0 4 7C 24 0 0 

5A A5 7 21 20 64 0 6 7C 24 0 0 7 1 

5A A5 5 21 20 65 0 4 7C 24 0 0 

5A A5 5 21 20 65 0 4 7C 25 0 0 

5A A5 7 21 20 64 0 6 7C 25 0 0 7 1 

5A A5 5 21 20 65 0 4 7C 24 0 0 

5A A5 5 21 20 65 0 4 7C 25 0 0 

5A A5 7 21 20 64 0 6 7C 25 0 0 7 1 

5A A5 5 21 20 65 0 4 7C 25 0 0 

5A A5 5 21 20 65 0 4 7C 25 0 0 

5A A5 7 21 20 64 0 6 7C 24 0 0 7 1 

5A A5 5 21 20 65 0 4 7C 24 0 0 

5A A5 5 21 20 65 0 4 7C 24 0 0 

5A A5 7 21 20 64 0 6 7C 25 0 0 7 1 

5A A5 5 21 20 65 0 4 7C 25 0 0 

5A A5 5 21 20 65 0 4 7C 25 0 0 

5A A5 7 21 20 64 0 6 7C 25 0 0 7 1 

5A A5 5 21 20 65 0 4 7C 25 0 0 

5A A5 5 21 20 65 0 4 7C 24 0 0 

5A A5 7 21 20 64 0 6 7C 24 0 0 7 1 

5A A5 5 21 20 65 0 4 7C 24 0 0 

5A A5 5 21 20 65 0 4 7C 25 0 0 

5A A5 7 21 20 64 0 6 7C 25 0 0 7 1 

5A A5 5 21 20 65 0 4 7C 25 0 0 

5A A5 5 21 20 65 0 4 7C 25 0 1 

5A A5 7 21 20 64 0 6 7C 25 0 1 7 1 

5A A5 5 21 20 65 0 4 7C 25 0 1 

5A A5 5 21 20 65 0 4 7C 24 0 0 

5A A5 7 21 20 64 0 6 7C 24 0 0 7 1 

5A A5 5 21 20 65 0 4 7C 24 0 0 

5A A5 5 21 20 65 0 4 7C 25 0 0 

5A A5 7 21 20 64 0 6 7C 25 0 0 7 1 

5A A5 5 21 20 65 0 4 7C 25 0 0 

5A A5 5 21 20 65 0 4 7C 25 0 0 

5A A5 7 21 20 64 0 6 7C 25 0 0 7 1 

5A A5 5 21 20 65 0 4 7C 25 0 0 

5A A5 5 21 20 65 0 4 7C 24 0 0 

5A A5 7 21 20 64 0 6 7C 24 0 0 7 1 

5A A5 5 21 20 65 0 4 7C 25 0 0 

5A A5 5 21 20 65 0 4 7C 25 0 0 

5A A5 7 21 20 64 0 6 7C 24 0 0 7 1 

5A A5 5 21 20 65 0 4 7C 24 0 0 

5A A5 5 21 20 65 0 4 7C 25 0 0 

5A A5 7 21 20 64 0 6 7C 25 0 0 7 1 

5A A5 5 21 20 65 0 4 7C 24 0 0 

5A A5 5 21 20 65 0 4 7C 24 0 0 

5A A5 7 21 20 64 0 6 7C 24 0 0 7 1 

5A A5 5 21 20 65 0 4 7C 25 0 0 

5A A5 5 21 20 65 0 4 7C 25 0 0 

5A A5 7 21 20 64 0 6 7C 24 0 0 7 1 

5A A5 5 21 20 65 0 4 7C 24 0 0 

5A A5 5 21 20 65 0 4 7C 25 0 0 

5A A5 7 21 20 64 0 6 7C 24 0 0 7 1 

5A A5 5 21 20 65 0 4 7C 24 0 0 

5A A5 5 21 20 65 0 4 7C 24 0 0 

5A A5 7 21 20 64 0 6 7C 25 0 0 7 1 

5A A5 5 21 20 65 0 4 7C 25 0 0 

5A A5 5 21 20 65 0 4 7C 24 0 0 

5A A5 7 21 20 64 0 6 7C 24 0 0 7 1 

5A A5 5 21 20 65 0 4 7C 24 0 0 

5A A5 5 21 20 65 0 4 7C 25 0 0 

5A A5 7 21 20 64 0 6 7C 25 0 0 7 1 

5A A5 5 21 20 65 0 4 7C 24 0 0 

5A A5 5 21 20 65 0 4 7C 24 0 0 

5A A5 7 21 20 64 0 6 7C 24 0 0 7 1 

5A A5 5 21 20 65 0 4 7C 25 0 0 

5A A5 5 21 20 61 0 4 7C 25 0 0 

5A A5 E 20 3E 4 10 4E 32 47 54 45 31 39 30 31 43 30 30 30 31 

5A A5 6 20 21 64 0 4 21 0 0 0 0 

5A A5 5 21 20 65 0 4 7C 25 0 0 

5A A5 1 3E 20 1 1A 2 

5A A5 7 21 20 64 0 6 7C 25 0 0 7 1 

5A A5 5 21 20 65 0 4 7C 24 0 0 

5A A5 1 3E 20 1 B2 2 

5A A5 7 21 20 64 0 6 7C 24 0 0 7 1 

5A A5 5 21 20 65 0 4 7C 25 0 0 

5A A5 5 21 20 61 0 4 7C 25 0 0 

5A A5 6 20 3E 4 66 36 1 36 1 7 1 

5A A5 6 20 21 64 0 4 21 0 0 0 0 

5A A5 5 21 20 61 0 4 7C 24 0 0 

5A A5 6 20 3E 4 17 30 30 30 30 30 30 

5A A5 6 20 21 64 0 4 21 0 0 0 0 

5A A5 5 21 20 65 0 4 7C 24 0 0 

5A A5 5 21 20 65 0 4 7C 24 0 0 

5A A5 6 20 21 64 0 4 21 0 0 0 0 

5A A5 5 21 20 61 0 4 7C 25 0 0 

5A A5 20 20 3E 4 B0 0 0 0 0 0 A 25 1D 21 0 0 0 0 0 FE 1 0 0 0 0 17 0 E 1 0 0 FF FF 0 0 FF FF 

5A A5 6 20 21 64 0 4 21 0 0 0 0 

5A A5 5 21 20 65 0 4 7C 24 0 0 

5A A5 1 3E 20 1 23 6 

5A A5 7 21 20 64 0 6 7C 25 0 0 7 1 

5A A5 5 21 20 65 0 4 7C 25 0 0 

5A A5 5 21 20 65 0 4 7C 25 0 0 

5A A5 5 21 20 61 0 4 7C 24 0 0 

5A A5 4 20 3E 4 3A 18 0 0 0 

5A A5 6 20 21 64 0 4 21 0 0 0 0 

5A A5 5 21 20 61 0 4 7C 25 0 0 

5A A5 4 20 3E 4 7C 1 0 EF FF 

5A A5 6 20 21 64 0 4 21 0 0 0 0 

5A A5 5 21 20 65 0 4 7C 24 0 0 

5A A5 1 3E 20 1 77 2 

5A A5 7 21 20 64 0 6 7C 25 0 0 7 1 

5A A5 5 21 20 65 0 4 7C 24 0 0 

5A A5 1 3E 20 1 B0 20 

5A A5 7 21 20 64 0 6 7C 24 0 0 7 1 

5A A5 5 21 20 65 0 4 7C 25 0 0 

5A A5 5 21 20 65 0 4 7C 25 0 0 

5A A5 5 21 20 61 0 4 7C 24 0 0 

5A A5 6 20 3E 4 23 0 0 A4 4 CD 5 

5A A5 6 20 21 64 0 4 21 0 0 0 0 

5A A5 5 21 20 65 0 4 7C 25 0 0 

5A A5 1 3E 20 1 3A 4 

5A A5 7 21 20 64 0 6 7C 24 0 0 7 1 

5A A5 5 21 20 65 0 4 7C 24 0 0 

5A A5 5 21 20 65 0 4 7C 24 0 0 

5A A5 7 21 20 64 0 6 7C 25 0 0 7 1 

5A A5 5 21 20 65 0 4 7C 25 0 0 

5A A5 1 3E 20 1 B0 20 

5A A5 7 21 20 64 0 6 7C 24 0 0 7 1 

5A A5 5 21 20 65 0 4 7C 25 0 0 

5A A5 5 21 20 65 0 4 7C 25 0 0 

5A A5 1 3E 20 1 7C 4 

5A A5 7 21 20 64 0 6 7C 24 0 0 7 1 

5A A5 5 21 20 65 0 4 7C 24 0 0 

5A A5 5 21 20 61 0 4 7C 24 0 0 

5A A5 6 20 3E 4 23 0 0 A4 4 CD 5 

5A A5 6 20 21 64 0 4 21 0 0 0 0 

5A A5 5 21 20 61 0 4 7C 25 0 0 

5A A5 2 20 3E 4 77 0 0 

5A A5 6 20 21 64 0 4 21 0 0 0 0 

5A A5 5 21 20 65 0 4 7C 24 0 0 

5A A5 1 3E 20 1 B0 20 

5A A5 7 21 20 64 0 6 7C 24 0 0 7 1 

5A A5 5 21 20 65 0 4 7C 24 0 0 

5A A5 1 3E 20 1 3A 4 

5A A5 7 21 20 64 0 6 7C 24 0 0 7 1 

5A A5 5 21 20 65 0 4 7C 25 0 0 

5A A5 5 21 20 61 0 4 7C 25 0 0 

5A A5 6 20 3E 4 23 0 0 A4 4 CD 5 

5A A5 6 20 21 64 0 4 21 0 0 0 0 

5A A5 5 21 20 65 0 4 7C 25 0 0 

5A A5 5 21 20 65 0 4 7C 25 0 0 

5A A5 6 20 21 64 0 4 21 0 0 0 0 

5A A5 5 21 20 61 0 4 7C 24 0 0 

5A A5 4 20 3E 4 7C 1 0 EF FF 

5A A5 6 20 21 64 0 4 21 0 0 0 0 

5A A5 5 21 20 61 0 4 7C 25 0 0 

5A A5 4 20 3E 4 3A 19 0 0 0 

5A A5 6 20 21 64 0 4 21 0 0 0 0 

5A A5 5 21 20 65 0 4 7C 24 0 0 

5A A5 5 21 20 65 0 4 7C 25 0 0 

5A A5 6 20 21 64 0 4 21 0 0 0 0 

5A A5 5 21 20 61 0 4 7C 25 0 0 

5A A5 20 20 3E 4 B0 0 0 0 0 0 A 25 1D 21 0 0 0 0 0 FE 1 0 0 0 0 19 0 E 1 0 0 FF FF 0 0 FF FF 

5A A5 6 20 21 64 0 4 21 0 0 0 0 

5A A5 5 21 20 65 0 4 7C 24 0 0 

5A A5 1 3E 20 1 77 2 

5A A5 7 21 20 64 0 6 7C 25 0 0 7 1 

5A A5 5 21 20 65 0 4 7C 25 0 0 

5A A5 1 3E 20 1 7C 4 

5A A5 7 21 20 64 0 6 7C 25 0 0 7 1 

5A A5 5 21 20 65 0 4 7C 25 0 0 

5A A5 5 21 20 61 0 4 7C 25 0 0 

5A A5 20 20 3E 4 B0 0 0 0 0 0 A 25 1D 21 0 0 0 0 0 FE 1 0 0 0 0 1A 0 E 1 0 0 FF FF 0 0 FF FF 

5A A5 6 20 21 64 0 4 21 0 0 0 0 

5A A5 5 21 20 61 0 4 7C 24 0 0 

5A A5 6 20 3E 4 23 0 0 A4 4 CD 5 

5A A5 6 20 21 64 0 4 21 0 0 0 0 

5A A5 5 21 20 65 0 4 7C 25 0 0 

5A A5 5 21 20 65 0 4 7C 24 0 0 

5A A5 6 20 21 64 0 4 21 0 0 0 0 

5A A5 5 21 20 65 0 4 7C 25 0 0 

5A A5 5 21 20 65 0 4 7C 25 0 0 

5A A5 1 3E 20 1 77 2 

5A A5 7 21 20 64 0 6 7C 24 0 0 7 1 

5A A5 5 21 20 65 0 4 7C 25 0 0 

5A A5 1 3E 20 1 23 6 

5A A5 7 21 20 64 0 6 7C 25 0 0 7 1 

5A A5 5 21 20 65 0 4 7C 25 0 0 

5A A5 5 21 20 61 0 4 7C 25 0 0 

5A A5 4 20 3E 4 3A 1A 0 0 0 

5A A5 6 20 21 64 0 4 21 0 0 0 0 

5A A5 5 21 20 65 0 4 7C 25 0 0 

5A A5 5 21 20 65 0 4 7C 24 0 0 

5A A5 6 20 21 64 0 4 21 0 0 0 0 

5A A5 5 21 20 65 0 4 7C 24 0 0 

5A A5 5 21 20 61 0 4 7C 25 0 0 

5A A5 20 20 3E 4 B0 0 0 0 0 0 A 25 1D 21 0 0 0 0 0 FE 1 0 0 0 0 1A 0 E 1 0 0 FF FF 0 0 FF FF 

5A A5 6 20 21 64 0 4 21 0 0 0 0 

5A A5 5 21 20 65 0 4 7C 24 0 0 

5A A5 1 3E 20 1 3A 4 

5A A5 7 21 20 64 0 6 7C 25 0 0 7 1 

5A A5 5 21 20 65 0 4 7C 25 0 0 

5A A5 5 21 20 65 0 4 7C 24 0 0 

5A A5 7 21 20 64 0 6 7C 24 0 0 7 1 

5A A5 5 21 20 65 0 4 7C 25 0 0 

5A A5 5 21 20 65 0 4 7C 25 0 0 

5A A5 1 3E 20 1 7C 4 

5A A5 7 21 20 64 0 6 7C 25 0 0 7 1 

5A A5 5 21 20 65 0 4 7C 25 0 0 

5A A5 1 3E 20 1 B0 20 

5A A5 7 21 20 64 0 6 7C 24 0 0 7 1 

5A A5 5 21 20 65 0 4 7C 24 0 0 

5A A5 5 21 20 61 0 4 7C 24 0 0 

5A A5 6 20 3E 4 23 0 0 A4 4 CD 5 

5A A5 6 20 21 64 0 4 21 0 0 0 0 

5A A5 5 21 20 61 0 4 7C 25 0 0 

5A A5 4 20 3E 4 7C 1 0 EF FF 

5A A5 6 20 21 64 0 4 21 0 0 0 0 

5A A5 5 21 20 65 0 4 7C 25 0 0 

5A A5 5 21 20 65 0 4 7C 25 0 0 

5A A5 6 20 21 64 0 4 21 0 0 0 0 

5A A5 5 21 20 61 0 4 7C 25 0 0 

5A A5 20 20 3E 4 B0 0 0 0 0 0 A 25 1D 21 0 0 0 0 0 FE 1 0 0 0 0 1B 0 E 1 0 0 FF FF 0 0 FF FF 

5A A5 6 20 21 64 0 4 21 0 0 0 0 

5A A5 5 21 20 65 0 4 7C 24 0 0 

5A A5 1 3E 20 1 77 2 

5A A5 7 21 20 64 0 6 7C 25 0 0 7 1 

5A A5 5 21 20 65 0 4 7C 25 0 0 

5A A5 1 3E 20 1 23 6 

5A A5 7 21 20 64 0 6 7C 25 0 0 7 1 

5A A5 5 21 20 61 0 4 7C 25 0 0 

5A A5 4 20 3E 4 3A 1B 0 0 0 

5A A5 6 20 21 64 0 4 21 0 0 0 0 

5A A5 1 3E 20 1 B0 20 

5A A5 7 21 20 64 0 6 7C 24 0 0 7 1 

5A A5 5 21 20 65 0 4 7C 25 0 0 

5A A5 5 21 20 61 0 4 7C 25 0 0 

5A A5 2 20 3E 4 77 0 0 

5A A5 6 20 21 64 0 4 21 0 0 0 0 

5A A5 5 21 20 61 0 4 7C 25 0 0 

5A A5 6 20 3E 4 23 0 0 A4 4 CD 5 

5A A5 6 20 21 64 0 4 21 0 0 0 0 

5A A5 1 3E 20 1 3A 4 

5A A5 7 21 20 64 0 6 7C 24 0 0 7 1 

5A A5 5 21 20 61 0 4 7C 24 0 0 

5A A5 4 20 3E 4 7C 1 0 EF FF 

5A A5 6 20 21 64 0 4 21 0 0 0 0 

5A A5 1 3E 20 1 B0 20 

5A A5 7 21 20 64 0 6 7C 25 0 0 7 1 

5A A5 5 21 20 65 0 4 7C 24 0 0 

5A A5 5 21 20 61 0 4 7C 24 0 0 

5A A5 6 20 3E 4 23 0 0 A4 4 CD 5 

5A A5 6 20 21 64 0 4 21 0 0 0 0 

5A A5 5 21 20 61 0 4 7C 25 0 0 

5A A5 4 20 3E 4 3A 1C 0 0 0 

5A A5 6 20 21 64 0 4 21 0 0 0 0 

5A A5 1 3E 20 1 7C 4 

5A A5 7 21 20 64 0 6 7C 25 0 0 7 1 

5A A5 5 21 20 61 0 4 7C 25 0 0 

5A A5 2 20 3E 4 77 0 0 

5A A5 6 20 21 64 0 4 21 0 0 0 0 

5A A5 1 3E 20 1 B0 20 

5A A5 7 21 20 64 0 6 7C 24 0 0 7 1 

5A A5 5 21 20 65 0 4 7C 24 0 0 

5A A5 5 21 20 61 0 4 7C 24 0 0 

5A A5 6 20 3E 4 23 0 0 A4 4 CD 5 

5A A5 6 20 21 64 0 4 21 0 0 0 0 

5A A5 5 21 20 61 0 4 7C 25 0 0 

5A A5 4 20 3E 4 3A 1C 0 0 0 

5A A5 6 20 21 64 0 4 21 0 0 0 0 

5A A5 1 3E 20 1 7C 4 

5A A5 7 21 20 64 0 6 7C 25 0 0 7 1 

5A A5 5 21 20 61 0 4 7C 25 0 0 

5A A5 2 20 3E 4 77 0 0 

5A A5 6 20 21 64 0 4 21 0 0 0 0 

5A A5 1 3E 20 1 B0 20 

5A A5 7 21 20 64 0 6 7C 25 0 0 7 1 

5A A5 5 21 20 65 0 4 7C 25 0 0 

5A A5 5 21 20 61 0 4 7C 25 0 0 

5A A5 6 20 3E 4 23 0 0 A4 4 CD 5 

5A A5 6 20 21 64 0 4 21 0 0 0 0 

5A A5 5 21 20 61 0 4 7C 24 0 0 

5A A5 4 20 3E 4 3A 1D 0 0 0 

5A A5 6 20 21 64 0 4 21 0 0 0 0 

5A A5 1 3E 20 1 7C 4 

5A A5 7 21 20 64 0 6 7C 24 0 0 7 1 

5A A5 5 21 20 61 0 4 7C 24 0 0 

5A A5 2 20 3E 4 77 0 0 

5A A5 6 20 21 64 0 4 21 0 0 0 0 

5A A5 5 21 20 61 0 4 7C 25 0 0 

5A A5 6 20 3E 4 23 0 0 A4 4 CD 5 

5A A5 6 20 21 64 0 4 21 0 1 0 0 

5A A5 5 21 20 61 0 4 7C 25 0 1 

5A A5 20 20 3E 4 B0 0 0 0 0 2 A 25 1D 21 0 0 0 0 0 FE 1 0 0 0 0 1D 0 E 1 0 0 FF FF 0 0 FF FF 

5A A5 6 20 21 64 0 4 21 0 0 0 0 

5A A5 5 21 20 61 0 4 7C 24 0 0 

5A A5 4 20 3E 4 3A 1D 0 0 0 

5A A5 6 20 21 64 0 4 21 0 0 0 0 

5A A5 5 21 20 65 0 4 7C 25 0 0 

5A A5 1 3E 20 1 7C 4 

5A A5 7 21 20 64 0 6 7C 24 0 0 7 1 

5A A5 5 21 20 65 0 4 7C 24 0 0 

5A A5 1 3E 20 1 77 2 

5A A5 7 21 20 64 0 6 7C 24 0 0 7 1 

5A A5 5 21 20 65 0 4 7C 24 0 0 

5A A5 5 21 20 61 0 4 7C 24 0 0 

5A A5 4 20 3E 4 3A 1D 0 0 0 

5A A5 6 20 21 64 0 4 21 0 0 0 0 

5A A5 5 21 20 61 0 4 7C 25 0 0 

5A A5 20 20 3E 4 B0 0 0 0 0 2 A 25 1D 21 0 0 0 0 0 FE 1 0 0 0 0 1D 0 E 1 0 0 FF FF 0 0 FF FF 

5A A5 6 20 21 64 0 4 21 0 0 0 0 

5A A5 5 21 20 65 0 4 7C 25 0 0 

5A A5 1 3E 20 1 23 6 

5A A5 7 21 20 64 0 6 7C 25 0 0 7 1 

5A A5 5 21 20 65 0 4 7C 24 0 0 

5A A5 1 3E 20 1 7C 4 

5A A5 7 21 20 64 0 6 7C 24 0 0 7 1 

5A A5 5 21 20 61 0 4 7C 24 0 0 

5A A5 2 20 3E 4 77 0 0 

5A A5 6 20 21 64 0 4 21 0 0 0 0 

5A A5 1 3E 20 1 7C 4 

5A A5 7 21 20 64 0 6 7C 25 0 0 7 1 

5A A5 5 21 20 61 0 4 7C 25 0 0 

5A A5 20 20 3E 4 B0 0 0 0 0 2 A 25 1D 21 0 0 0 0 0 FE 1 0 0 0 0 1E 0 E 1 0 0 FF FF 0 0 FF FF 

5A A5 6 20 21 64 0 4 21 0 0 0 0 

5A A5 5 21 20 65 0 4 7C 24 0 0 

5A A5 1 3E 20 1 23 6 

5A A5 7 21 20 64 0 6 7C 25 0 0 7 1 

5A A5 5 21 20 65 0 4 7C 25 0 0 

5A A5 1 3E 20 1 3A 4 

5A A5 7 21 20 64 0 6 7C 24 0 0 7 1 

5A A5 5 21 20 61 0 4 7C 24 0 0 

5A A5 2 20 3E 4 77 0 0 

5A A5 6 20 21 64 0 4 21 0 0 0 0 

5A A5 5 21 20 65 0 4 7C 24 0 0 

5A A5 1 3E 20 1 77 2 

5A A5 7 21 20 64 0 6 7C 24 0 0 7 1 

5A A5 5 21 20 65 0 4 7C 25 0 0 

5A A5 5 21 20 65 0 4 7C 24 0 0 

5A A5 7 21 20 64 0 6 7C 24 0 0 7 1 

5A A5 5 21 20 65 0 4 7C 24 0 0 

5A A5 5 21 20 65 0 4 7C 25 0 0 

5A A5 5 21 20 61 0 4 7C 25 0 0 

5A A5 20 20 3E 4 B0 0 0 0 0 2 A 25 1D 21 0 0 0 0 0 FE 1 0 0 0 0 1E 0 E 1 0 0 FF FF 0 0 FF FF 

5A A5 6 20 21 64 0 4 21 0 0 0 0 

5A A5 5 21 20 65 0 4 7C 24 0 0 

5A A5 5 21 20 65 0 4 7C 25 0 0 

5A A5 1 3E 20 1 23 6 

5A A5 7 21 20 64 0 6 7C 24 0 0 7 1 

5A A5 5 21 20 61 0 4 7C 24 0 0 

5A A5 4 20 3E 4 3A 1F 0 2 0 

5A A5 6 20 21 64 0 4 21 0 0 0 0 

5A A5 5 21 20 65 0 4 7C 25 0 0 

5A A5 5 21 20 65 0 4 7C 24 0 0 

5A A5 6 20 21 64 0 4 21 0 0 0 0 

5A A5 5 21 20 65 0 4 7C 24 0 0 

5A A5 5 21 20 65 0 4 7C 25 0 0 

5A A5 1 3E 20 1 7C 4 

5A A5 7 21 20 64 0 6 7C 24 0 0 7 1 

5A A5 5 21 20 61 0 4 7C 24 0 0 

5A A5 20 20 3E 4 B0 0 0 0 0 2 A 25 1D 21 0 0 0 0 0 FE 1 0 0 0 0 1F 0 E 1 0 0 FF FF 0 0 FF FF 

5A A5 6 20 21 64 0 4 21 0 0 0 0 

5A A5 5 21 20 65 0 4 7C 25 0 0 

5A A5 5 21 20 65 0 4 7C 24 0 0 

5A A5 6 20 21 64 0 4 21 0 0 0 0 

5A A5 1 3E 20 1 23 6 

5A A5 7 21 20 64 0 6 7C 25 0 0 7 1 

5A A5 5 21 20 65 0 4 7C 25 0 0 

5A A5 5 21 20 65 0 4 7C 24 0 0 

5A A5 1 3E 20 1 3A 4 

5A A5 7 21 20 64 0 6 7C 25 0 0 7 1 

5A A5 5 21 20 65 0 4 7C 25 0 0 

5A A5 1 3E 20 1 7C 4 

5A A5 7 21 20 64 0 6 7C 25 0 0 7 1 

5A A5 5 21 20 61 0 4 7C 25 0 0 

5A A5 20 20 3E 4 B0 0 0 0 0 2 A 25 1D 21 0 0 0 0 0 FE 1 0 0 0 0 1F 0 E 1 0 0 FF FF 0 0 FF FF 

5A A5 6 20 21 64 0 4 21 0 0 0 0 

5A A5 5 21 20 65 0 4 7C 24 0 0 

5A A5 5 21 20 65 0 4 7C 25 0 0 

5A A5 6 20 21 64 0 4 21 0 0 0 0 

5A A5 1 3E 20 1 77 2 

5A A5 7 21 20 64 0 6 7C 25 0 0 7 1 

5A A5 5 21 20 65 0 4 7C 25 0 0 

5A A5 5 21 20 61 0 4 7C 25 0 0 

5A A5 6 20 3E 4 23 0 0 A4 4 CD 5 

5A A5 6 20 21 64 0 4 21 0 0 0 0 

5A A5 5 21 20 61 0 4 7C 24 0 0 

5A A5 20 20 3E 4 B0 0 0 0 0 2 A 25 1D 21 0 0 0 0 0 FE 1 0 0 0 0 20 0 E 1 0 0 FF FF 0 0 FF FF 

5A A5 6 20 21 64 0 4 21 0 0 0 0 

5A A5 5 21 20 65 0 4 7C 25 0 0 

5A A5 5 21 20 61 0 4 7C 25 0 0 

5A A5 4 20 3E 4 3A 20 0 3 0 

5A A5 6 20 21 64 0 4 21 0 1 0 0 

5A A5 5 21 20 65 0 4 7C 25 0 1 

5A A5 1 3E 20 1 7C 4 

5A A5 7 21 20 64 0 6 7C 24 0 0 7 1 

5A A5 5 21 20 65 0 4 7C 24 0 0 

5A A5 1 3E 20 1 77 2 

5A A5 7 21 20 64 0 6 7C 25 0 0 7 1 

5A A5 5 21 20 65 0 4 7C 25 0 0 

5A A5 5 21 20 61 0 4 7C 25 0 0 

5A A5 6 20 3E 4 23 0 0 A4 4 CD 5 

5A A5 6 20 21 64 0 4 21 0 0 0 0 

5A A5 5 21 20 61 0 4 7C 24 0 0 

5A A5 20 20 3E 4 B0 0 0 0 0 0 A 25 1D 21 0 0 0 0 0 FE 1 0 0 0 0 20 0 E 1 0 0 FF FF 0 0 FF FF 

5A A5 6 20 21 64 0 4 21 0 0 0 0 

5A A5 5 21 20 65 0 4 7C 25 0 0 

5A A5 1 3E 20 1 3A 4 

5A A5 7 21 20 64 0 6 7C 24 0 0 7 1 

5A A5 5 21 20 65 0 4 7C 24 0 0 

5A A5 5 21 20 65 0 4 7C 25 0 0 

5A A5 1 3E 20 1 23 6 

5A A5 7 21 20 64 0 6 7C 24 0 0 7 1 

5A A5 5 21 20 65 0 4 7C 24 0 0 

5A A5 1 3E 20 1 7C 4 

5A A5 7 21 20 64 0 6 7C 25 0 0 7 1 

5A A5 5 21 20 65 0 4 7C 24 0 0 

5A A5 5 21 20 65 0 4 7C 24 0 0 

5A A5 1 3E 20 1 B0 20 

5A A5 7 21 20 64 0 6 7C 24 0 0 7 1 

5A A5 5 21 20 65 0 4 7C 24 0 0 

5A A5 5 21 20 61 0 4 7C 25 0 0 

5A A5 2 20 3E 4 77 0 0 

5A A5 6 20 21 64 0 4 21 0 0 0 0 

5A A5 5 21 20 65 0 4 7C 25 0 0 

5A A5 5 21 20 65 0 4 7C 24 0 0 

5A A5 6 20 21 64 0 4 21 0 0 0 0 

5A A5 5 21 20 65 0 4 7C 25 0 0 

5A A5 1 3E 20 1 3A 4 

5A A5 7 21 20 64 0 6 7C 24 0 0 7 1 

5A A5 5 21 20 65 0 4 7C 24 0 0 

5A A5 5 21 20 61 0 4 7C 25 0 0 

5A A5 6 20 3E 4 23 0 0 A4 4 CD 5 

5A A5 6 20 21 64 0 4 21 0 0 0 0 

5A A5 5 21 20 61 0 4 7C 25 0 0 

5A A5 20 20 3E 4 B0 0 0 0 0 0 A 25 1D 21 0 0 0 0 0 FE 1 0 0 0 0 21 0 E 1 0 0 FF FF 0 0 FF FF 

5A A5 6 20 21 64 0 4 21 0 0 0 0 

5A A5 5 21 20 65 0 4 7C 25 0 0 

5A A5 1 3E 20 1 7C 4 

5A A5 7 21 20 64 0 6 7C 24 0 0 7 1 

5A A5 5 21 20 65 0 4 7C 24 0 0 

5A A5 1 3E 20 1 3A 4 

5A A5 7 21 20 64 0 6 7C 25 0 0 7 1 

5A A5 5 21 20 65 0 4 7C 25 0 0 

5A A5 5 21 20 61 0 4 7C 24 0 0 

5A A5 2 20 3E 4 77 0 0 

5A A5 6 20 21 64 0 4 21 0 0 0 0 

5A A5 5 21 20 61 0 4 7C 25 0 0 

5A A5 6 20 3E 4 23 0 0 A4 4 CD 5 

5A A5 6 20 21 64 0 4 21 0 0 0 0 

5A A5 5 21 20 65 0 4 7C 25 0 0 

5A A5 1 3E 20 1 B0 20 

5A A5 7 21 20 64 0 6 7C 24 0 0 7 1 

5A A5 5 21 20 65 0 4 7C 24 0 0 

5A A5 5 21 20 65 0 4 7C 24 0 0 

5A A5 1 3E 20 1 7C 4 

5A A5 7 21 20 64 0 6 7C 25 0 0 7 1 

5A A5 5 21 20 65 0 4 7C 25 0 0 

5A A5 1 3E 20 1 3A 4 

5A A5 7 21 20 64 0 6 7C 24 0 0 7 1 

5A A5 5 21 20 65 0 4 7C 24 0 0 

5A A5 5 21 20 61 0 4 7C 25 0 0 

5A A5 20 20 3E 4 B0 0 0 0 0 0 A 25 1D 21 0 0 0 0 0 FE 1 0 0 0 0 22 0 E 1 0 0 FF FF 0 0 FF FF 

5A A5 6 20 21 64 0 4 21 0 0 0 0 

5A A5 5 21 20 61 0 4 7C 24 0 0 

5A A5 6 20 3E 4 23 0 0 A4 4 CD 5 

5A A5 6 20 21 64 0 4 21 0 0 0 0 

5A A5 5 21 20 65 0 4 7C 25 0 0 

5A A5 1 3E 20 1 77 2 

5A A5 7 21 20 64 0 6 7C 24 0 0 7 1 

5A A5 5 21 20 65 0 4 7C 24 0 0 

5A A5 5 21 20 65 0 4 7C 25 0 0 

5A A5 1 3E 20 1 7C 4 

5A A5 7 21 20 64 0 6 7C 24 0 0 7 1 

5A A5 5 21 20 65 0 4 7C 24 0 0 

5A A5 1 3E 20 1 3A 4 

5A A5 7 21 20 64 0 6 7C 25 0 0 7 1 

5A A5 5 21 20 65 0 4 7C 24 0 0 

5A A5 5 21 20 61 0 4 7C 24 0 0 

5A A5 20 20 3E 4 B0 0 0 0 0 0 A 25 1D 21 0 0 0 0 0 FE 1 0 0 0 0 22 0 E 1 0 0 FF FF 0 0 FF FF 

5A A5 6 20 21 64 0 4 21 0 0 0 0 

5A A5 5 21 20 61 0 4 7C 25 0 0 

5A A5 6 20 3E 4 23 0 0 A4 4 CD 5 

5A A5 6 20 21 64 0 4 21 0 0 0 0 

5A A5 5 21 20 65 0 4 7C 24 0 0 

5A A5 5 21 20 65 0 4 7C 25 0 0 

5A A5 6 20 21 64 0 4 21 0 0 0 0 

5A A5 1 3E 20 1 77 2 

5A A5 7 21 20 64 0 6 7C 25 0 0 7 1 

5A A5 5 21 20 65 0 4 7C 25 0 0 

5A A5 5 21 20 65 0 4 7C 25 0 0 

5A A5 5 21 20 61 0 4 7C 25 0 0 

5A A5 4 20 3E 4 7C 1 0 EF FF 

5A A5 6 20 21 64 0 4 21 0 0 0 0 

5A A5 5 21 20 65 0 4 7C 24 0 0 

5A A5 5 21 20 65 0 4 7C 25 0 0 

5A A5 6 20 21 64 0 4 21 0 0 0 0 

5A A5 1 3E 20 1 23 6 

5A A5 7 21 20 64 0 6 7C 24 0 0 7 1 

5A A5 5 21 20 65 0 4 7C 25 0 0 

5A A5 5 21 20 65 0 4 7C 25 0 0 

5A A5 5 21 20 61 0 4 7C 25 0 0 

5A A5 20 20 3E 4 B0 0 0 0 0 0 A 25 1D 21 0 0 0 0 0 FE 1 0 0 0 0 23 0 E 1 0 0 FF FF 0 0 FF FF 

5A A5 6 20 21 64 0 4 21 0 0 0 0 

5A A5 5 21 20 65 0 4 7C 24 0 0 

5A A5 5 21 20 65 0 4 7C 25 0 0 

5A A5 6 20 21 64 0 4 21 0 0 0 0 

5A A5 1 3E 20 1 3A 4 

5A A5 7 21 20 64 0 6 7C 24 0 0 7 1 

5A A5 5 21 20 65 0 4 7C 24 0 0 

5A A5 5 21 20 65 0 4 7C 25 0 0 

5A A5 5 21 20 61 0 4 7C 25 0 0 

5A A5 2 20 3E 4 77 0 0 

5A A5 6 20 21 64 0 4 21 0 0 0 0 

5A A5 5 21 20 65 0 4 7C 25 0 0 

5A A5 5 21 20 65 0 4 7C 25 0 0 

5A A5 6 20 21 64 0 4 21 0 0 0 0 

5A A5 5 21 20 65 0 4 7C 24 0 0 

5A A5 5 21 20 61 0 4 7C 24 0 0 

5A A5 4 20 3E 4 7C 1 0 EF FF 

5A A5 6 20 21 64 0 4 21 0 0 0 0 

5A A5 5 21 20 61 0 4 7C 25 0 0 

5A A5 20 20 3E 4 B0 0 0 0 0 0 A 25 1D 21 0 0 0 0 0 FE 1 0 0 0 0 24 0 E 1 0 0 FF FF 0 0 FF FF 

5A A5 6 20 21 64 0 4 21 0 0 0 0 

5A A5 5 21 20 65 0 4 7C 24 0 0 

5A A5 1 3E 20 1 23 6 

5A A5 7 21 20 64 0 6 7C 25 0 0 7 1 

5A A5 5 21 20 65 0 4 7C 25 0 0 

5A A5 1 3E 20 1 3A 4 

5A A5 7 21 20 64 0 6 7C 25 0 0 7 1 

5A A5 5 21 20 65 0 4 7C 25 0 0 

5A A5 5 21 20 65 0 4 7C 25 0 0 

5A A5 7 21 20 64 0 6 7C 24 0 0 7 1 

5A A5 5 21 20 65 0 4 7C 25 0 0 

5A A5 5 21 20 65 0 4 7C 25 0 0 

5A A5 1 3E 20 1 B0 20 

5A A5 7 21 20 64 0 6 7C 25 0 0 7 1 

5A A5 5 21 20 65 0 4 7C 24 0 0 

5A A5 1 3E 20 1 77 2 

5A A5 7 21 20 64 0 6 7C 25 0 0 7 1 

5A A5 5 21 20 61 0 4 7C 25 0 0 

5A A5 4 20 3E 4 3A 24 0 7 0 

5A A5 6 20 21 64 0 4 21 0 0 0 0 

5A A5 1 3E 20 1 B0 20 

5A A5 7 21 20 64 0 6 7C 25 0 0 7 1 

5A A5 5 21 20 65 0 4 7C 25 0 0 

5A A5 5 21 20 61 0 4 7C 24 0 0 

5A A5 6 20 3E 4 23 0 0 A4 4 CD 5 

5A A5 6 20 21 64 0 4 21 0 0 0 0 

5A A5 5 21 20 61 0 4 7C 25 0 0 

5A A5 4 20 3E 4 7C 1 0 EF FF 

5A A5 6 20 21 64 0 4 21 0 0 0 0 

5A A5 1 3E 20 1 B0 20 

5A A5 7 21 20 64 0 6 7C 24 0 0 7 1 

5A A5 5 21 20 65 0 4 7C 25 0 0 

5A A5 5 21 20 61 0 4 7C 25 0 0 

5A A5 2 20 3E 4 77 0 0 

5A A5 6 20 21 64 0 4 21 0 0 1 0 

5A A5 5 21 20 61 0 4 7C 24 0 0 

5A A5 6 20 3E 4 23 0 0 A4 4 CD 5 

5A A5 6 20 21 64 0 4 21 0 0 1 0 

5A A5 5 21 20 65 0 4 7C 25 0 0 

5A A5 1 3E 20 1 3A 4 

5A A5 7 21 20 64 0 6 7C 25 0 0 7 1 

5A A5 5 21 20 65 0 4 7C 25 0 0 

5A A5 1 3E 20 1 7C 4 

5A A5 7 21 20 64 0 6 7C 24 0 0 7 1 

5A A5 5 21 20 61 0 4 7C 24 0 1 

5A A5 20 20 3E 4 B0 0 0 0 0 0 A 25 1D 21 0 0 0 0 0 FE 1 0 0 0 0 25 0 E 1 0 0 FF FF 0 0 FF FF 

5A A5 6 20 21 64 0 4 21 0 0 0 0 

5A A5 5 21 20 65 0 4 7C 25 0 1 

5A A5 1 3E 20 1 23 6 

5A A5 7 21 20 64 0 6 7C 24 0 1 7 1 

5A A5 5 21 20 65 0 4 7C 24 0 1 

5A A5 1 3E 20 1 7C 4 

5A A5 7 21 20 64 0 6 7C 25 0 1 7 1 

5A A5 5 21 20 65 0 4 7C 25 0 1 

5A A5 5 21 20 61 0 4 7C 24 0 1 

5A A5 6 20 3E 4 23 0 0 A4 4 CD 5 

5A A5 6 20 21 64 0 4 21 0 0 1 0 

5A A5 5 21 20 61 0 4 7C 25 0 1 

5A A5 20 20 3E 4 B0 0 0 0 0 0 A 25 1D 21 0 11 0 0 0 FE 1 0 0 0 0 25 0 E 1 0 0 FF FF 0 0 FF FF 

5A A5 6 20 21 64 0 4 21 0 0 2 0 

5A A5 5 21 20 65 0 4 7C 24 0 0 

5A A5 1 3E 20 1 3A 4 

5A A5 7 21 20 64 0 6 7C 25 0 0 7 1 

5A A5 5 21 20 65 0 4 7C 25 0 0 

5A A5 1 3E 20 1 77 2 

5A A5 7 21 20 64 0 6 7C 24 0 0 7 1 

5A A5 5 21 20 65 0 4 7C 24 0 0 

5A A5 5 21 20 65 0 4 7C 25 0 0 

5A A5 7 21 20 64 0 6 7C 25 0 0 7 1 

5A A5 5 21 20 65 0 4 7C 24 0 0 

5A A5 1 3E 20 1 23 6 

5A A5 7 21 20 64 0 6 7C 24 0 0 7 1 

5A A5 5 21 20 61 0 4 7C 24 0 0 

5A A5 4 20 3E 4 3A 26 0 9 0 

5A A5 6 20 21 64 0 4 21 0 0 3 0 

5A A5 1 3E 20 1 B0 20 

5A A5 7 21 20 64 0 6 7C 24 0 0 7 1 

5A A5 5 21 20 65 0 4 7C 25 0 0 

5A A5 5 21 20 61 0 4 7C 25 0 0 

5A A5 4 20 3E 4 7C 1 0 EF FF 

5A A5 6 20 21 64 0 4 21 0 0 2 0 

5A A5 5 21 20 61 0 4 7C 24 0 0 

5A A5 2 20 3E 4 77 0 0 

5A A5 6 20 21 64 0 5 21 0 0 3 0 

5A A5 1 3E 20 1 23 6 

5A A5 7 21 20 64 0 6 7C 25 0 0 7 1 

5A A5 5 21 20 61 0 4 7C 25 0 0 

5A A5 4 20 3E 4 3A 26 0 9 0 

5A A5 6 20 21 64 0 5 21 0 0 4 0 

5A A5 1 3E 20 1 77 2 

5A A5 7 21 20 64 0 6 7C 25 0 0 7 1 

5A A5 5 21 20 61 0 4 7C 25 0 0 

5A A5 20 20 3E 4 B0 0 0 0 0 0 A 25 1D 21 0 28 0 0 0 FE 1 0 0 0 0 26 0 E 1 0 0 FF FF 0 0 FF FF 

5A A5 6 20 21 64 0 5 21 0 0 3 0 

5A A5 5 21 20 65 0 4 7C 25 0 0 

5A A5 1 3E 20 1 3A 4 

5A A5 7 21 20 64 0 6 7C 25 0 0 7 1 

5A A5 5 21 20 65 0 4 7C 25 0 0 

5A A5 5 21 20 65 0 4 7C 25 0 0 

5A A5 1 3E 20 1 23 6 

5A A5 7 21 20 64 0 6 7C 25 0 0 7 1 

5A A5 5 21 20 65 0 4 7C 24 0 0 

5A A5 1 3E 20 1 7C 4 

5A A5 7 21 20 64 0 6 7C 25 0 0 7 1 

5A A5 5 21 20 61 0 4 7C 25 0 0 

5A A5 20 20 3E 4 B0 0 0 0 0 0 A 25 1D 21 0 36 0 0 0 FF 1 0 0 0 0 26 0 E 1 0 0 FF FF 0 0 FF FF 

5A A5 6 20 21 64 0 5 21 0 0 5 0 

5A A5 5 21 20 65 0 4 7C 24 0 0 

5A A5 1 3E 20 1 3A 4 

5A A5 7 21 20 64 0 6 7C 25 0 0 7 1 

5A A5 5 21 20 65 0 4 7C 25 0 0 

5A A5 5 21 20 65 0 4 7C 24 0 0 

5A A5 5 21 20 61 0 4 7C 24 0 0 

5A A5 4 20 3E 4 7C 1 0 EF FF 

5A A5 6 20 21 64 0 5 21 0 0 4 0 

5A A5 1 3E 20 1 23 6 

5A A5 7 21 20 64 0 6 7C 24 0 0 7 1 

5A A5 5 21 20 61 0 4 7C 24 0 0 

5A A5 2 20 3E 4 77 0 0 

5A A5 6 20 21 64 0 5 21 0 0 4 0 

5A A5 1 3E 20 1 B0 20 

5A A5 7 21 20 64 0 6 7C 24 0 0 7 1 

5A A5 5 21 20 65 0 4 7C 24 0 0 

5A A5 5 21 20 65 0 4 7C 25 0 0 

5A A5 7 21 20 64 0 6 7C 25 0 0 7 1 

5A A5 5 21 20 61 0 4 7C 25 0 0 

5A A5 4 20 3E 4 3A 27 0 A 0 

5A A5 6 20 21 64 0 5 21 0 0 5 0 

5A A5 5 21 20 65 0 4 7C 24 0 0 

5A A5 5 21 20 65 0 4 7C 25 0 0 

5A A5 1 3E 20 1 7C 4 

5A A5 7 21 20 64 0 6 7C 24 0 0 7 1 

5A A5 5 21 20 61 0 4 7C 24 0 0 

5A A5 6 20 3E 4 23 0 0 A4 4 CD 5 

5A A5 6 20 21 64 0 5 21 0 0 5 0 

5A A5 1 3E 20 1 7C 4 

5A A5 7 21 20 64 0 6 7C 24 0 0 7 1 

5A A5 5 21 20 61 0 4 7C 24 0 0 

5A A5 20 20 3E 4 B0 0 0 0 0 0 A 25 1D 21 0 33 0 0 0 0 2 0 0 0 0 27 0 E 1 0 0 FF FF 0 0 FF FF 

5A A5 6 20 21 64 0 5 21 0 0 5 0 

5A A5 5 21 20 65 0 4 7C 25 0 0 

5A A5 1 3E 20 1 3A 4 

5A A5 7 21 20 64 0 6 7C 25 0 0 7 1 

5A A5 5 21 20 65 0 4 7C 25 0 0 

5A A5 1 3E 20 1 77 2 

5A A5 7 21 20 64 0 6 7C 24 0 0 7 1 

5A A5 5 21 20 65 0 4 7C 24 0 0 

5A A5 5 21 20 65 0 4 7C 25 0 0 

5A A5 7 21 20 64 0 6 7C 25 0 0 7 1 

5A A5 5 21 20 65 0 4 7C 25 0 0 

5A A5 1 3E 20 1 23 6 

5A A5 7 21 20 64 0 6 7C 25 0 0 7 1 

5A A5 5 21 20 65 0 4 7C 24 0 0 

5A A5 5 21 20 65 0 4 7C 25 0 0 

5A A5 7 21 20 64 0 6 7C 24 0 0 7 1 

5A A5 5 21 20 65 0 4 7C 24 0 0 

5A A5 5 21 20 65 0 4 7C 24 0 0 

5A A5 1 3E 20 1 7C 4 

5A A5 7 21 20 64 0 6 7C 25 0 0 7 1 

5A A5 5 21 20 65 0 4 7C 25 0 0 

5A A5 5 21 20 65 0 4 7C 25 0 0 

5A A5 1 3E 20 1 B0 20 

5A A5 7 21 20 64 0 6 7C 25 0 0 7 1 

5A A5 5 21 20 65 0 4 7C 24 0 0 

5A A5 1 3E 20 1 77 2 

5A A5 7 21 20 64 0 6 7C 24 0 0 7 1 

5A A5 5 21 20 61 0 4 7C 24 0 0 

5A A5 4 20 3E 4 3A 28 0 B 0 

5A A5 6 20 21 64 0 5 21 0 0 8 0 

5A A5 1 3E 20 1 23 6 

5A A5 7 21 20 64 0 6 7C 24 0 0 7 1 

5A A5 5 21 20 61 0 4 7C 24 0 0 

5A A5 20 20 3E 4 B0 0 0 0 0 0 A 25 1D 21 0 52 0 0 0 2 2 0 0 0 0 28 0 E 1 0 0 FF FF 0 0 FF FF 

5A A5 6 20 21 64 0 5 21 0 0 8 0 

5A A5 5 21 20 65 0 4 7C 24 0 0 

5A A5 1 3E 20 1 7C 4 

5A A5 7 21 20 64 0 6 7C 24 0 0 7 1 

5A A5 5 21 20 65 0 4 7C 25 0 0 

5A A5 1 3E 20 1 77 2 

5A A5 7 21 20 64 0 6 7C 25 0 0 7 1 

5A A5 5 21 20 61 0 4 7C 25 0 0 

5A A5 4 20 3E 4 3A 28 0 B 0 

5A A5 6 20 21 64 0 5 21 0 0 8 0 

5A A5 1 3E 20 1 77 2 

5A A5 7 21 20 64 0 6 7C 24 0 0 7 1 

5A A5 5 21 20 61 0 4 7C 24 0 0 

5A A5 6 20 3E 4 23 0 0 A4 4 CD 5 

5A A5 6 20 21 64 0 5 21 0 0 8 0 

5A A5 1 3E 20 1 B0 20 

5A A5 7 21 20 64 0 6 7C 25 0 0 7 1 

5A A5 5 21 20 65 0 4 7C 25 0 0 

5A A5 5 21 20 61 0 4 7C 25 0 0 

5A A5 4 20 3E 4 7C 1 0 EF FF 

5A A5 6 20 21 64 0 5 21 0 0 7 0 

5A A5 5 21 20 65 0 4 7C 25 0 0 

5A A5 5 21 20 65 0 4 7C 25 0 0 

5A A5 6 20 21 64 0 5 21 0 0 7 0 

5A A5 5 21 20 65 0 4 7C 25 0 0 

5A A5 1 3E 20 1 3A 4 

5A A5 7 21 20 64 0 6 7C 24 0 0 7 1 

5A A5 5 21 20 65 0 4 7C 25 0 0 

5A A5 5 21 20 65 0 4 7C 25 0 0 

5A A5 7 21 20 64 0 6 7C 25 0 0 7 1 

5A A5 5 21 20 65 0 4 7C 25 0 0 

5A A5 5 21 20 65 0 4 7C 25 0 0 

5A A5 1 3E 20 1 B0 20 

5A A5 7 21 20 64 0 6 7C 24 0 0 7 1 

5A A5 5 21 20 65 0 4 7C 24 0 0 

5A A5 1 3E 20 1 77 2 

5A A5 7 21 20 64 0 6 7C 25 0 0 7 1 

5A A5 5 21 20 61 0 4 7C 25 0 0 

5A A5 6 20 3E 4 23 0 0 A4 4 CD 5 

5A A5 6 20 21 64 0 5 21 0 0 6 0 

5A A5 1 3E 20 1 7C 4 

5A A5 7 21 20 64 0 6 7C 24 0 0 7 1 

5A A5 5 21 20 61 0 4 7C 24 0 0 

5A A5 20 20 3E 4 B0 0 0 0 0 0 A 25 1D 21 0 3F 0 0 0 5 2 0 0 0 0 29 0 E 1 0 0 FF FF 0 0 FF FF 

5A A5 6 20 21 64 0 5 21 0 0 6 0 

5A A5 5 21 20 65 0 4 7C 25 0 0 

5A A5 1 3E 20 1 3A 4 

5A A5 7 21 20 64 0 6 7C 25 0 0 7 1 

5A A5 5 21 20 65 0 4 7C 25 0 0 

5A A5 5 21 20 65 0 4 7C 24 0 0 

5A A5 7 21 20 64 0 6 7C 24 0 0 7 1 

5A A5 5 21 20 65 0 4 7C 24 0 0 

5A A5 5 21 20 61 0 4 7C 25 0 0 

5A A5 6 20 3E 4 23 0 0 A4 4 CD 5 

5A A5 6 20 21 64 0 5 21 0 2 5 0 

5A A5 1 3E 20 1 77 2 

5A A5 7 21 20 64 0 6 7C 25 0 1 7 1 

5A A5 5 21 20 61 0 4 7C 25 0 1 

5A A5 4 20 3E 4 7C 1 0 EF FF 

5A A5 6 20 21 64 0 5 21 0 0 7 0 

5A A5 1 3E 20 1 B0 20 

5A A5 7 21 20 64 0 6 7C 25 0 1 7 1 

5A A5 5 21 20 65 0 4 7C 25 0 1 

5A A5 5 21 20 61 0 4 7C 25 0 1 

5A A5 4 20 3E 4 3A 2A 0 D 0 

5A A5 6 20 21 64 0 5 21 0 0 15 0 

5A A5 5 21 20 61 0 4 7C 25 0 1 

5A A5 6 20 3E 4 23 0 0 A4 4 CD 5 

5A A5 6 20 21 64 0 5 21 0 0 1D 0 

5A A5 1 3E 20 1 77 2 

5A A5 7 21 20 64 0 6 7C 24 0 0 7 1 

5A A5 5 21 20 61 0 4 7C 24 0 0 

5A A5 4 20 3E 4 7C 1 0 EF FF 

5A A5 6 20 21 64 0 5 21 0 0 1F 0 

5A A5 1 3E 20 1 B0 20 

5A A5 7 21 20 64 0 6 7C 24 0 0 7 1 

5A A5 5 21 20 65 0 4 7C 24 0 0 

5A A5 5 21 20 65 0 4 7C 24 0 0 

5A A5 7 21 20 64 0 6 7C 25 0 0 7 1 

5A A5 5 21 20 61 0 4 7C 25 0 0 

5A A5 6 20 3E 4 23 0 0 A4 4 CD 5 

5A A5 6 20 21 64 0 5 21 0 0 1B 0 

5A A5 5 21 20 65 0 4 7C 24 0 0 

5A A5 5 21 20 65 0 4 7C 24 0 0 

5A A5 6 20 21 64 0 5 21 0 0 1A 0 

5A A5 1 3E 20 1 3A 4 

5A A5 7 21 20 64 0 6 7C 25 0 0 7 1 

5A A5 5 21 20 65 0 4 7C 25 0 0 

5A A5 5 21 20 65 0 4 7C 25 0 0 

5A A5 5 21 20 61 0 4 7C 25 0 0 

5A A5 20 20 3E 4 B0 0 0 0 0 0 A 25 1D 21 0 F6 0 19 0 B 2 0 0 1 0 2B 0 E 1 0 0 FF FF 0 0 FF FF 

5A A5 6 20 21 64 0 5 21 0 0 18 0 

5A A5 5 21 20 65 0 4 7C 24 0 0 

5A A5 5 21 20 65 0 4 7C 24 0 0 

5A A5 6 20 21 64 0 5 21 0 0 17 0 

5A A5 1 3E 20 1 77 2 

5A A5 7 21 20 64 0 6 7C 24 0 0 7 1 

5A A5 5 21 20 65 0 4 7C 25 0 0 

5A A5 1 3E 20 1 23 6 

5A A5 7 21 20 64 0 6 7C 25 0 0 7 1 

5A A5 5 21 20 65 0 4 7C 25 0 0 

5A A5 5 21 20 65 0 4 7C 25 0 0 

5A A5 7 21 20 64 0 6 7C 25 0 0 7 1 

5A A5 5 21 20 61 0 4 7C 25 0 0 

5A A5 4 20 3E 4 7C 1 0 EF FF 

5A A5 6 20 21 64 0 5 21 0 0 15 0 

5A A5 5 21 20 61 0 4 7C 24 0 0 

5A A5 4 20 3E 4 3A 2B 0 E 0 

5A A5 6 20 21 64 0 5 21 0 0 15 0 

5A A5 5 21 20 65 0 4 7C 25 0 0 

5A A5 1 3E 20 1 B0 20 

5A A5 7 21 20 64 0 6 7C 25 0 0 7 1 

5A A5 5 21 20 65 0 4 7C 25 0 0 

5A A5 1 3E 20 1 77 2 

5A A5 7 21 20 64 0 6 7C 25 0 0 7 1 

5A A5 5 21 20 65 0 4 7C 24 0 0 

5A A5 5 21 20 61 0 4 7C 24 0 0 

5A A5 6 20 3E 4 23 0 0 A4 4 CD 5 

5A A5 6 20 21 64 0 5 21 0 0 15 0 

5A A5 5 21 20 61 0 4 7C 25 0 0 

5A A5 4 20 3E 4 7C 1 0 EF FF 

5A A5 6 20 21 64 0 5 21 0 0 15 0 

5A A5 5 21 20 65 0 4 7C 25 0 0 

5A A5 1 3E 20 1 3A 4 

5A A5 7 21 20 64 0 6 7C 25 0 0 7 1 

5A A5 5 21 20 65 0 4 7C 25 0 0 

5A A5 5 21 20 65 0 4 7C 24 0 0 

5A A5 7 21 20 64 0 6 7C 24 0 0 7 1 

5A A5 5 21 20 65 0 4 7C 24 0 0 

5A A5 1 3E 20 1 B0 20 

5A A5 7 21 20 64 0 6 7C 25 0 0 7 1 

5A A5 5 21 20 65 0 4 7C 25 0 0 

5A A5 5 21 20 65 0 4 7C 25 0 0 

5A A5 1 3E 20 1 77 2 

5A A5 7 21 20 64 0 6 7C 25 0 0 7 1 

5A A5 5 21 20 65 0 4 7C 25 0 0 

5A A5 1 3E 20 1 23 6 

5A A5 7 21 20 64 0 6 7C 24 0 0 7 1 

5A A5 5 21 20 65 0 4 7C 24 0 0 

5A A5 5 21 20 61 0 4 7C 24 0 0 

5A A5 4 20 3E 4 3A 2C 0 F 0 

5A A5 6 20 21 64 0 5 21 0 0 15 0 

5A A5 5 21 20 61 0 4 7C 25 0 0 

5A A5 20 20 3E 4 B0 0 0 0 0 0 A 25 1D 21 0 D7 0 30 0 14 2 0 0 2 0 2C 0 E 1 0 0 FF FF 0 0 FF FF 

5A A5 6 20 21 64 0 5 21 0 0 15 0 

5A A5 5 21 20 65 0 4 7C 25 0 0 

5A A5 1 3E 20 1 7C 4 

5A A5 7 21 20 64 0 6 7C 24 0 0 7 1 

5A A5 5 21 20 65 0 4 7C 24 0 0 

5A A5 1 3E 20 1 23 6 

5A A5 7 21 20 64 0 6 7C 24 0 0 7 1 

5A A5 5 21 20 65 0 4 7C 24 0 0 

5A A5 5 21 20 61 0 4 7C 24 0 0 

5A A5 20 20 3E 4 B0 0 0 0 0 0 A 25 1D 21 0 D5 0 30 0 16 2 0 0 2 0 2C 0 E 1 0 0 FF FF 0 0 FF FF 

5A A5 6 20 21 64 0 5 21 0 0 15 0 

5A A5 5 21 20 61 0 4 7C 25 0 0 

5A A5 4 20 3E 4 3A 2D 0 10 0 

5A A5 6 20 21 64 0 5 21 0 0 15 0 

5A A5 5 21 20 65 0 4 7C 24 0 0 

5A A5 5 21 20 61 0 4 7C 24 0 0 

5A A5 2 20 3E 4 77 0 0 

5A A5 6 20 21 64 0 5 21 0 0 15 0 

5A A5 5 21 20 65 0 4 7C 25 0 0 

5A A5 1 3E 20 1 7C 4 

5A A5 7 21 20 64 0 6 7C 25 0 0 7 1 

5A A5 5 21 20 65 0 4 7C 25 0 0 

5A A5 1 3E 20 1 23 6 

5A A5 7 21 20 64 0 6 7C 25 0 0 7 1 

5A A5 5 21 20 65 0 4 7C 24 0 0 

5A A5 5 21 20 61 0 4 7C 24 0 0 

5A A5 20 20 3E 4 B0 0 0 0 0 0 A 25 1D 21 0 D5 0 2D 0 19 2 0 0 2 0 2D 0 E 1 0 0 FF FF 0 0 FF FF 

5A A5 6 20 21 64 0 5 21 0 0 15 0 

5A A5 5 21 20 61 0 4 7C 24 0 0 

5A A5 4 20 3E 4 3A 2D 0 10 0 

5A A5 6 20 21 64 0 5 21 0 0 15 0 

5A A5 5 21 20 65 0 4 7C 25 0 0 

5A A5 5 21 20 61 0 4 7C 25 0 0 

5A A5 2 20 3E 4 77 0 0 

5A A5 6 20 21 64 0 5 21 0 0 15 0 

5A A5 5 21 20 65 0 4 7C 24 0 0 

5A A5 1 3E 20 1 7C 4 

5A A5 7 21 20 64 0 6 7C 24 0 0 7 1 

5A A5 5 21 20 65 0 4 7C 25 0 0 

5A A5 1 3E 20 1 B0 20 

5A A5 7 21 20 64 0 6 7C 25 0 0 7 1 

5A A5 5 21 20 65 0 4 7C 25 0 0 

5A A5 5 21 20 61 0 4 7C 25 0 0 

5A A5 6 20 3E 4 23 0 0 A4 4 CD 5 

5A A5 6 20 21 64 0 5 21 0 0 15 0 

5A A5 5 21 20 61 0 4 7C 24 0 0 

5A A5 4 20 3E 4 3A 2E 0 11 0 

5A A5 6 20 21 64 0 5 21 0 0 15 0 

5A A5 5 21 20 65 0 4 7C 25 0 0 

5A A5 1 3E 20 1 7C 4 

5A A5 7 21 20 64 0 6 7C 25 0 0 7 1 

5A A5 5 21 20 65 0 4 7C 25 0 0 

5A A5 1 3E 20 1 B0 20 

5A A5 7 21 20 64 0 6 7C 25 0 0 7 1 

5A A5 5 21 20 65 0 4 7C 25 0 0 

5A A5 5 21 20 61 0 4 7C 25 0 0 

5A A5 6 20 3E 4 23 0 0 A4 4 CD 5 

5A A5 6 20 21 64 0 5 21 0 0 15 0 

5A A5 5 21 20 61 0 4 7C 24 0 0 

5A A5 2 20 3E 4 77 0 0 

5A A5 6 20 21 64 0 5 21 0 0 15 0 

5A A5 5 21 20 65 0 4 7C 25 0 0 

5A A5 1 3E 20 1 3A 4 

5A A5 7 21 20 64 0 6 7C 25 0 0 7 1 

5A A5 5 21 20 65 0 4 7C 25 0 0 

5A A5 1 3E 20 1 23 6 

5A A5 7 21 20 64 0 6 7C 24 0 0 7 1 

5A A5 5 21 20 65 0 4 7C 24 0 0 

5A A5 5 21 20 61 0 4 7C 25 0 0 

5A A5 20 20 3E 4 B0 0 0 0 0 0 A 25 1D 21 0 D5 0 3F 0 20 2 0 0 3 0 2E 0 E 1 0 0 FF FF 0 0 FF FF 

5A A5 6 20 21 64 0 5 21 0 0 15 0 

5A A5 5 21 20 65 0 4 7C 25 0 0 

5A A5 5 21 20 65 0 4 7C 25 0 0 

5A A5 1 3E 20 1 7C 4 

5A A5 7 21 20 64 0 6 7C 24 0 0 7 1 

5A A5 5 21 20 65 0 4 7C 24 0 0 

5A A5 5 21 20 65 0 4 7C 24 0 0 

5A A5 7 21 20 64 0 6 7C 25 0 0 7 1 

5A A5 5 21 20 61 0 4 7C 25 0 0 

5A A5 2 20 3E 4 77 0 0 

5A A5 6 20 21 64 0 5 21 0 0 15 0 

5A A5 5 21 20 65 0 4 7C 25 0 0 

5A A5 5 21 20 65 0 4 7C 25 0 0 

5A A5 1 3E 20 1 3A 4 

5A A5 7 21 20 64 0 6 7C 25 0 0 7 1 

5A A5 5 21 20 65 0 4 7C 25 0 0 

5A A5 5 21 20 65 0 4 7C 24 0 0 

5A A5 7 21 20 64 0 6 7C 25 0 0 7 1 

5A A5 5 21 20 61 0 4 7C 25 0 0 

5A A5 20 20 3E 4 B0 0 0 0 0 0 A 25 1D 21 0 D6 0 3C 0 24 2 0 0 3 0 2F 0 E 1 0 0 FF FF 0 0 FF FF 

5A A5 6 20 21 64 0 5 21 0 0 15 0 

5A A5 5 21 20 65 0 4 7C 25 0 0 

5A A5 5 21 20 65 0 4 7C 25 0 0 

5A A5 1 3E 20 1 23 6 

5A A5 7 21 20 64 0 6 7C 25 0 0 7 1 

5A A5 5 21 20 65 0 4 7C 25 0 0 

5A A5 5 21 20 65 0 4 7C 25 0 0 

5A A5 7 21 20 64 0 6 7C 24 0 0 7 1 

5A A5 5 21 20 61 0 4 7C 24 0 0 

5A A5 4 20 3E 4 7C 1 0 EF FF 

5A A5 6 20 21 64 0 5 21 0 0 15 0 

5A A5 5 21 20 65 0 4 7C 25 0 0 

5A A5 5 21 20 65 0 4 7C 25 0 0 

5A A5 1 3E 20 1 77 2 

5A A5 7 21 20 64 0 6 7C 25 0 0 7 1 

5A A5 5 21 20 61 0 4 7C 25 0 0 

5A A5 20 20 3E 4 B0 0 0 0 0 0 A 25 1D 21 0 D6 0 50 0 27 2 0 0 4 0 2F 0 E 1 0 0 FF FF 0 0 FF FF 

5A A5 6 20 21 64 0 5 21 0 0 15 0 

5A A5 5 21 20 65 0 4 7C 24 0 0 

5A A5 1 3E 20 1 23 6 

5A A5 7 21 20 64 0 6 7C 24 0 0 7 1 

5A A5 5 21 20 65 0 4 7C 24 0 0 

5A A5 1 3E 20 1 3A 4 

5A A5 7 21 20 64 0 6 7C 25 0 0 7 1 

5A A5 5 21 20 65 0 4 7C 25 0 0 

5A A5 5 21 20 65 0 4 7C 25 0 0 

5A A5 7 21 20 64 0 6 7C 25 0 0 7 1 

5A A5 5 21 20 65 0 4 7C 25 0 0 

5A A5 5 21 20 65 0 4 7C 25 0 0 

5A A5 1 3E 20 1 7C 4 

5A A5 7 21 20 64 0 6 7C 24 0 0 7 1 

5A A5 5 21 20 65 0 4 7C 24 0 0 

5A A5 1 3E 20 1 77 2 

5A A5 7 21 20 64 0 6 7C 24 0 0 7 1 

5A A5 5 21 20 61 0 4 7C 24 0 0 

5A A5 6 20 3E 4 23 0 0 A4 4 CD 5 

5A A5 6 20 21 64 0 5 21 0 0 15 0 

5A A5 5 21 20 65 0 4 7C 25 0 0 

5A A5 1 3E 20 1 B0 20 

5A A5 7 21 20 64 0 6 7C 24 0 0 7 1 

5A A5 5 21 20 65 0 4 7C 24 0 0 

5A A5 1 3E 20 1 3A 4 

5A A5 7 21 20 64 0 6 7C 24 0 0 7 1 

5A A5 5 21 20 61 0 4 7C 24 0 0 

5A A5 4 20 3E 4 7C 1 0 EF FF 

5A A5 6 20 21 64 0 5 21 0 0 15 0 

5A A5 1 3E 20 1 3A 4 

5A A5 7 21 20 64 0 6 7C 25 0 0 7 1 

5A A5 5 21 20 61 0 4 7C 25 0 0 

5A A5 20 20 3E 4 B0 0 0 0 0 0 A 25 1D 21 0 D7 0 4B 0 2C 2 0 0 4 0 30 0 E 1 0 0 FF FF 0 0 FF FF 

5A A5 6 20 21 64 0 5 21 0 0 15 0 

5A A5 5 21 20 65 0 4 7C 24 0 0 

5A A5 1 3E 20 1 23 6 

5A A5 7 21 20 64 0 6 7C 25 0 0 7 1 

5A A5 5 21 20 65 0 4 7C 25 0 0 

5A A5 1 3E 20 1 77 2 

5A A5 7 21 20 64 0 6 7C 25 0 0 7 1 

5A A5 5 21 20 61 0 4 7C 25 0 0 

5A A5 20 20 3E 4 B0 0 0 0 0 0 A 25 1D 21 0 D6 0 4B 0 2D 2 0 0 4 0 30 0 E 1 0 0 FF FF 0 0 FF FF 

5A A5 6 20 21 64 0 5 21 0 0 15 0 

5A A5 5 21 20 65 0 4 7C 25 0 0 

5A A5 5 21 20 61 0 4 7C 25 0 0 

5A A5 4 20 3E 4 7C 1 0 EF FF 

5A A5 6 20 21 64 0 5 21 0 0 15 0 

5A A5 1 3E 20 1 23 6 

5A A5 7 21 20 64 0 6 7C 24 0 0 7 1 

5A A5 5 21 20 65 0 4 7C 25 0 0 

5A A5 5 21 20 61 0 4 7C 25 0 0 

5A A5 20 20 3E 4 B0 0 0 0 0 0 A 25 1D 21 0 D7 0 48 0 2F 2 0 0 4 0 31 0 E 1 0 0 FF FF 0 0 FF FF 

5A A5 6 20 21 64 0 5 21 0 0 15 0 

5A A5 5 21 20 61 0 4 7C 25 0 0 

5A A5 4 20 3E 4 3A 31 0 14 0 

5A A5 6 20 21 64 0 5 21 0 0 15 0 

5A A5 1 3E 20 1 77 2 

5A A5 7 21 20 64 0 6 7C 24 0 0 7 1 

5A A5 5 21 20 61 0 4 7C 24 0 0 

5A A5 6 20 3E 4 23 0 0 A4 4 CD 5 

5A A5 6 20 21 64 0 5 21 0 0 15 0 

5A A5 1 3E 20 1 B0 20 

5A A5 7 21 20 64 0 6 7C 25 0 0 7 1 

5A A5 5 21 20 65 0 4 7C 25 0 0 

5A A5 5 21 20 61 0 4 7C 25 0 0 

5A A5 4 20 3E 4 3A 31 0 14 0 

5A A5 6 20 21 64 0 5 21 0 0 15 0 

5A A5 5 21 20 61 0 4 7C 25 0 0 

5A A5 4 20 3E 4 7C 1 0 EF FF 

5A A5 6 20 21 64 0 5 21 0 0 15 0 

5A A5 1 3E 20 1 77 2 

5A A5 7 21 20 64 0 6 7C 24 0 0 7 1 

5A A5 5 21 20 61 0 4 7C 24 0 0 

5A A5 20 20 3E 4 B0 0 0 0 0 0 A 25 1D 21 0 D5 0 5A 0 32 2 0 0 5 0 31 0 E 1 0 0 FF FF 0 0 FF FF 

5A A5 6 20 21 64 0 5 21 0 0 15 0 

5A A5 5 21 20 65 0 4 7C 25 0 0 

5A A5 5 21 20 65 0 4 7C 25 0 0 

5A A5 6 20 21 64 0 5 21 0 0 15 0 

5A A5 1 3E 20 1 3A 4 

5A A5 7 21 20 64 0 6 7C 25 0 0 7 1 

5A A5 5 21 20 65 0 4 7C 25 0 0 

5A A5 5 21 20 65 0 4 7C 25 0 0 

5A A5 5 21 20 61 0 4 7C 25 0 0 

5A A5 6 20 3E 4 23 0 0 A4 4 CD 5 

5A A5 6 20 21 64 0 5 21 0 0 15 0 

5A A5 1 3E 20 1 7C 4 

5A A5 7 21 20 64 0 6 7C 24 0 0 7 1 

5A A5 5 21 20 61 0 4 7C 24 0 0 

5A A5 2 20 3E 4 77 0 0 

5A A5 6 20 21 64 0 5 21 0 0 15 0 

5A A5 5 21 20 65 0 4 7C 25 0 0 

5A A5 1 3E 20 1 7C 4 

5A A5 7 21 20 64 0 6 7C 24 0 0 7 1 

5A A5 5 21 20 65 0 4 7C 24 0 0 

5A A5 5 21 20 65 0 4 7C 24 0 0 

5A A5 5 21 20 61 0 4 7C 24 0 0 

5A A5 20 20 3E 4 B0 0 0 0 0 0 A 25 1D 21 0 D6 0 55 0 36 2 0 0 5 0 32 0 E 1 0 0 FF FF 0 0 FF FF 

5A A5 6 20 21 64 0 5 21 0 0 15 0 

5A A5 5 21 20 65 0 4 7C 25 0 0 

5A A5 5 21 20 65 0 4 7C 25 0 0 

5A A5 6 20 21 64 0 5 21 0 0 15 0 

5A A5 5 21 20 61 0 4 7C 25 0 0 

5A A5 6 20 3E 4 23 0 0 A4 4 CD 5 

5A A5 6 20 21 64 0 5 21 0 0 15 0 

5A A5 5 21 20 65 0 4 7C 24 0 0 

5A A5 5 21 20 61 0 4 7C 24 0 0 

5A A5 4 20 3E 4 3A 32 0 15 0 

5A A5 6 20 21 64 0 5 21 0 0 15 0 

5A A5 1 3E 20 1 23 6 

5A A5 7 21 20 64 0 6 7C 25 0 0 7 1 

5A A5 5 21 20 61 0 4 7C 25 0 0 

5A A5 2 20 3E 4 77 0 0 

5A A5 6 20 21 64 0 5 21 0 0 15 0 

5A A5 5 21 20 65 0 4 7C 24 0 0 

5A A5 1 3E 20 1 B0 20 

5A A5 7 21 20 64 0 6 7C 24 0 0 7 1 

5A A5 5 21 20 65 0 4 7C 24 0 0 

5A A5 5 21 20 65 0 4 7C 24 0 0 

5A A5 5 21 20 61 0 4 7C 24 0 0 

5A A5 4 20 3E 4 3A 33 0 16 0 

5A A5 6 20 21 64 0 5 21 0 0 15 0 

5A A5 1 3E 20 1 23 6 

5A A5 7 21 20 64 0 6 7C 25 0 0 7 1 

5A A5 5 21 20 61 0 4 7C 25 0 0 

5A A5 4 20 3E 4 7C 1 0 EF FF 

5A A5 6 20 21 64 0 5 21 0 0 15 0 

5A A5 1 3E 20 1 3A 4 

5A A5 7 21 20 64 0 6 7C 24 0 0 7 1 

5A A5 5 21 20 61 0 4 7C 24 0 0 

5A A5 20 20 3E 4 B0 0 0 0 0 0 A 25 1D 21 0 D6 0 62 0 3C 2 0 0 6 0 33 0 E 1 0 0 FF FF 0 0 FF FF 

5A A5 6 20 21 64 0 5 21 0 0 15 0 

5A A5 5 21 20 65 0 4 7C 25 0 0 

5A A5 5 21 20 65 0 4 7C 25 0 0 

5A A5 6 20 21 64 0 5 21 0 0 15 0 

5A A5 1 3E 20 1 23 6 

5A A5 7 21 20 64 0 6 7C 24 0 0 7 1 

5A A5 5 21 20 65 0 4 7C 24 0 0 

5A A5 5 21 20 65 0 4 7C 25 0 0 

5A A5 5 21 20 61 0 4 7C 24 0 0 

5A A5 4 20 3E 4 7C 1 0 EF FF 

5A A5 6 20 21 64 0 5 21 0 0 15 0 

5A A5 1 3E 20 1 77 2 

5A A5 7 21 20 64 0 6 7C 25 0 0 7 1 

5A A5 5 21 20 61 0 4 7C 25 0 0 

5A A5 6 20 3E 4 23 0 0 A4 4 CD 5 

5A A5 6 20 21 64 0 5 21 0 0 15 0 

5A A5 1 3E 20 1 B0 20 

5A A5 7 21 20 64 0 6 1F 25 0 0 7 1 

5A A5 5 21 20 65 0 4 6 25 0 0 

5A A5 5 21 20 65 0 4 1 24 0 0 

5A A5 7 21 20 64 0 6 4 24 0 0 7 1 

5A A5 5 21 20 61 0 4 4 24 0 0 

5A A5 4 20 3E 4 7C 1 0 EF FF 

5A A5 6 20 21 64 0 5 21 0 0 14 E 

5A A5 5 21 20 65 0 4 0 24 0 0 

5A A5 5 21 20 65 0 4 0 25 0 0 

5A A5 1 3E 20 1 3A 4 

5A A5 7 21 20 64 0 6 0 25 0 0 7 1 

5A A5 5 21 20 61 0 4 0 25 0 0 

5A A5 2 20 3E 4 77 0 0 

5A A5 6 20 21 64 0 5 21 0 0 A E 

5A A5 1 3E 20 1 B0 20 

5A A5 7 21 20 64 0 6 0 25 0 0 7 1 

5A A5 5 21 20 65 0 4 0 25 0 0 

5A A5 5 21 20 65 0 4 0 24 0 0 

5A A5 7 21 20 64 0 6 0 25 0 0 7 1 

5A A5 5 21 20 61 0 4 0 25 0 0 

5A A5 2 20 3E 4 77 0 0 

5A A5 6 20 21 64 0 5 21 0 0 1 E 

5A A5 5 21 20 65 0 4 0 24 0 0 

5A A5 5 21 20 65 0 4 0 25 0 0 

5A A5 6 20 21 64 0 5 21 0 0 1 E 

5A A5 1 3E 20 1 23 6 

5A A5 7 21 20 64 0 6 0 24 0 0 7 1 

5A A5 5 21 20 65 0 4 0 24 0 0 

5A A5 5 21 20 65 0 4 0 25 0 0 

5A A5 5 21 20 61 0 4 0 25 0 0 

5A A5 4 20 3E 4 3A 34 0 17 0 

5A A5 6 20 21 64 0 4 21 0 0 0 E 

5A A5 5 21 20 65 0 4 0 24 0 0 

5A A5 1 3E 20 1 B0 20 

5A A5 7 21 20 64 0 6 0 24 0 0 7 1 

5A A5 5 21 20 65 0 4 0 25 0 0 

5A A5 1 3E 20 1 7C 4 

5A A5 7 21 20 64 0 6 0 25 0 0 7 1 

5A A5 5 21 20 65 0 4 0 25 0 1 

5A A5 5 21 20 61 0 4 0 25 0 1 

5A A5 4 20 3E 4 3A 34 0 17 0 

5A A5 6 20 21 64 0 4 21 0 0 0 E 

5A A5 5 21 20 61 0 4 0 25 0 1 

5A A5 6 20 3E 4 23 0 0 A4 4 CD 5 

5A A5 6 20 21 64 0 4 21 0 0 1 E 

5A A5 5 21 20 65 0 4 0 24 0 1 

5A A5 5 21 20 65 0 4 0 25 0 1 

5A A5 6 20 21 64 0 4 21 0 0 1 E 

5A A5 5 21 20 65 0 4 0 25 0 1 

5A A5 5 21 20 65 0 4 0 25 0 1 

5A A5 6 20 21 64 0 4 21 0 0 1 E 

5A A5 5 21 20 65 0 4 0 25 0 0 

5A A5 5 21 20 65 0 4 0 25 0 0 

5A A5 6 20 21 64 0 4 21 0 0 1 E 

5A A5 5 21 20 65 0 4 0 24 0 0 

5A A5 5 21 20 65 0 4 0 25 0 0 

5A A5 6 20 21 64 0 4 21 0 0 1 E 

5A A5 5 21 20 65 0 4 0 25 0 0 

5A A5 5 21 20 61 0 4 0 25 0 0 

5A A5 20 20 3E 4 B0 E 0 0 0 0 A 25 1D 21 0 FF FF 5D 0 41 2 0 0 6 0 35 0 E 1 0 0 FF FF 0 0 FF FF 

5A A5 6 20 21 64 0 4 21 0 0 1 E 

5A A5 5 21 20 61 0 4 0 25 0 0 

5A A5 4 20 3E 4 7C 1 0 EF FF 

5A A5 6 20 21 64 0 4 21 0 1 1 E 

5A A5 5 21 20 65 0 4 0 25 0 1 

5A A5 5 21 20 65 0 4 0 25 0 1 

5A A5 6 20 21 64 0 4 21 0 0 1 E 

5A A5 5 21 20 65 0 4 0 25 0 0 

5A A5 5 21 20 61 0 4 0 25 0 0 

5A A5 4 20 3E 4 3A 35 0 17 0 

5A A5 6 20 21 64 0 4 21 0 0 1 E 

5A A5 5 21 20 65 0 4 0 25 0 0 

5A A5 5 21 20 65 0 4 0 25 0 0 

5A A5 6 20 21 64 0 4 21 0 1 1 E 

5A A5 5 21 20 65 0 4 0 25 0 1 

5A A5 1 3E 20 1 77 2 

5A A5 7 21 20 64 0 6 0 24 0 0 7 1 

5A A5 5 21 20 65 0 4 0 24 0 0 

5A A5 5 21 20 61 0 4 0 25 0 0 

5A A5 4 20 3E 4 7C 1 0 EF FF 

5A A5 6 20 21 64 0 4 21 0 0 0 E 

5A A5 5 21 20 61 0 4 0 25 0 0 

5A A5 6 20 3E 4 23 0 0 A4 4 CD 5 

5A A5 6 20 21 64 0 4 21 0 1 1 E 

5A A5 5 21 20 65 0 4 0 25 0 1 

5A A5 1 3E 20 1 B0 20 

5A A5 7 21 20 64 0 6 0 24 0 0 7 1 

5A A5 5 21 20 65 0 4 0 24 0 0 

5A A5 1 3E 20 1 3A 4 

5A A5 7 21 20 64 0 6 0 25 0 0 7 1 

5A A5 5 21 20 65 0 4 0 25 0 0 

5A A5 5 21 20 65 0 4 0 25 0 0 

5A A5 7 21 20 64 0 6 0 25 0 0 7 1 

5A A5 5 21 20 65 0 4 0 25 0 0 

5A A5 5 21 20 65 0 4 0 25 0 0 

5A A5 1 3E 20 1 77 2 

5A A5 7 21 20 64 0 6 0 24 0 0 7 1 

5A A5 5 21 20 65 0 4 0 24 0 1 

5A A5 5 21 20 65 0 4 0 25 0 1 

5A A5 1 3E 20 1 3A 4 

5A A5 7 21 20 64 0 6 0 24 0 0 7 1 

5A A5 5 21 20 65 0 4 0 24 0 0 

5A A5 1 3E 20 1 B0 20 

5A A5 7 21 20 64 0 6 0 25 0 0 7 1 

5A A5 5 21 20 65 0 4 0 25 0 0 

5A A5 5 21 20 61 0 4 0 25 0 0 

5A A5 6 20 3E 4 23 0 0 A4 4 CD 5 

5A A5 6 20 21 64 0 4 21 0 0 1 E 

5A A5 5 21 20 61 0 4 0 25 0 0 

5A A5 2 20 3E 4 77 0 0 

5A A5 6 20 21 64 0 4 21 0 0 1 E 

5A A5 5 21 20 65 0 4 0 24 0 0 

5A A5 1 3E 20 1 7C 4 

5A A5 7 21 20 64 0 6 0 25 0 0 7 1 

5A A5 5 21 20 65 0 4 0 25 0 0 

5A A5 1 3E 20 1 B0 20 

5A A5 7 21 20 64 0 6 0 25 0 0 7 1 

5A A5 5 21 20 65 0 4 0 25 0 0 

5A A5 5 21 20 61 0 4 0 25 0 0 

5A A5 6 20 3E 4 23 0 0 A4 4 CD 5 

5A A5 6 20 21 64 0 4 21 0 0 0 E 

5A A5 5 21 20 61 0 4 0 24 0 0 

5A A5 4 20 3E 4 3A 37 0 17 0 

5A A5 6 20 21 64 0 4 21 0 0 0 E 

5A A5 5 21 20 65 0 4 0 25 0 0 

5A A5 5 21 20 65 0 4 0 25 0 0 

5A A5 6 20 21 64 0 4 21 0 0 0 E 

5A A5 5 21 20 65 0 4 0 25 0 0 

5A A5 5 21 20 61 0 4 0 25 0 0 

5A A5 20 20 3E 4 B0 E 0 0 0 0 A 25 1D 21 0 0 0 5D 0 41 2 0 0 6 0 37 0 E 1 0 0 FF FF 0 0 FF FF 

5A A5 6 20 21 64 0 4 21 0 0 0 E 

5A A5 5 21 20 61 0 4 0 25 0 0 

5A A5 4 20 3E 4 7C 1 0 EF FF 

5A A5 6 20 21 64 0 4 21 0 0 0 E 

5A A5 5 21 20 65 0 4 0 25 0 0 

5A A5 5 21 20 65 0 4 0 25 0 0 

5A A5 6 20 21 64 0 4 21 0 0 0 E 

5A A5 5 21 20 65 0 4 0 24 0 0 

5A A5 5 21 20 65 0 4 0 25 0 0 

5A A5 1 3E 20 1 23 6 

5A A5 7 21 20 64 0 6 0 24 0 0 7 1 

5A A5 5 21 20 65 0 4 0 24 0 1 

5A A5 5 21 20 65 0 4 0 25 0 1 

5A A5 7 21 20 64 0 6 0 25 0 1 7 1 

5A A5 5 21 20 61 0 4 0 25 0 1 

5A A5 2 20 3E 4 77 0 0 

5A A5 6 20 21 64 0 4 21 0 0 0 E 

5A A5 5 21 20 65 0 4 7C 25 0 1 

5A A5 5 21 20 65 0 4 7C 25 0 1 

5A A5 1 3E 20 1 7C 4 

5A A5 7 21 20 64 0 6 7C 24 0 1 7 1 

5A A5 5 21 20 65 0 4 7C 24 0 1 

5A A5 5 21 20 65 0 4 7C 24 0 1 

5A A5 7 21 20 64 0 6 7C 25 0 1 7 1 

5A A5 5 21 20 61 0 4 7C 25 0 1 

5A A5 20 20 3E 4 B0 0 0 0 0 0 A 25 1D 21 0 0 0 5D 0 41 2 0 0 6 0 38 0 E 1 0 0 FF FF 0 0 FF FF 

5A A5 6 20 21 64 0 4 21 0 0 0 0 

5A A5 5 21 20 65 0 4 7C 25 0 0 

5A A5 5 21 20 65 0 4 7C 25 0 0 

5A A5 1 3E 20 1 B0 20 

5A A5 7 21 20 64 0 6 7C 24 0 0 7 1 

5A A5 5 21 20 65 0 4 7C 24 0 0 

5A A5 5 21 20 65 0 4 7C 24 0 0 

5A A5 7 21 20 64 0 6 7C 25 0 0 7 1 

5A A5 5 21 20 61 0 4 7C 25 0 0 

5A A5 20 20 3E 4 B0 0 0 0 0 0 A 25 1D 21 0 0 0 5D 0 41 2 0 0 6 0 38 0 E 1 0 0 FF FF 0 0 FF FF 

5A A5 6 20 21 64 0 4 21 0 0 0 0 

5A A5 5 21 20 65 0 4 7C 25 0 0 

5A A5 5 21 20 65 0 4 7C 25 0 0 

5A A5 1 3E 20 1 23 6 

5A A5 7 21 20 64 0 6 7C 24 0 0 7 1 

5A A5 5 21 20 65 0 4 7C 24 0 0 

5A A5 5 21 20 61 0 4 7C 24 0 0 

5A A5 2 20 3E 4 77 0 0 

5A A5 6 20 21 64 0 4 21 0 0 0 0 

5A A5 5 21 20 61 0 4 7C 25 0 0 

5A A5 20 20 3E 4 B0 0 0 0 0 0 A 25 1D 21 0 0 0 5D 0 41 2 0 0 6 0 38 0 E 1 0 0 FF FF 0 0 FF FF 

5A A5 6 20 21 64 0 4 21 0 0 0 0 

5A A5 5 21 20 65 0 4 7C 25 0 0 

5A A5 1 3E 20 1 7C 4 

5A A5 7 21 20 64 0 6 7C 25 0 0 7 1 

5A A5 5 21 20 65 0 4 7C 25 0 0 

5A A5 1 3E 20 1 77 2 

5A A5 7 21 20 64 0 6 7C 24 0 0 7 1 

5A A5 5 21 20 61 0 4 7C 24 0 0 

5A A5 20 20 3E 4 B0 0 0 0 0 0 A 25 1D 21 0 0 0 5D 0 41 2 0 0 6 0 39 0 E 1 0 0 FF FF 0 0 FF FF 

5A A5 6 20 21 64 0 4 21 0 0 0 0 

5A A5 5 21 20 65 0 4 7C 24 0 0 

5A A5 1 3E 20 1 3A 4 

5A A5 7 21 20 64 0 6 7C 24 0 0 7 1 

5A A5 5 21 20 65 0 4 7C 25 0 0 

5A A5 1 3E 20 1 23 6 

5A A5 7 21 20 64 0 6 7C 25 0 0 7 1 

5A A5 5 21 20 65 0 4 7C 24 0 0 

5A A5 5 21 20 61 0 4 7C 24 0 0 

5A A5 4 20 3E 4 7C 1 0 EF FF 

5A A5 6 20 21 64 0 4 21 0 0 0 0 

5A A5 5 21 20 61 0 4 7C 24 0 0 

5A A5 20 20 3E 4 B0 0 0 0 0 0 A 25 1D 21 0 0 0 5D 0 41 2 0 0 6 0 39 0 E 1 0 0 FF FF 0 0 FF FF 

5A A5 6 20 21 64 0 4 21 0 0 0 0 

5A A5 5 21 20 65 0 4 7C 25 0 0 

5A A5 1 3E 20 1 7C 4 

5A A5 7 21 20 64 0 6 7C 24 0 0 7 1 

5A A5 5 21 20 65 0 4 7C 24 0 0 

5A A5 1 3E 20 1 23 6 

5A A5 7 21 20 64 0 6 7C 25 0 0 7 1 

5A A5 5 21 20 61 0 4 7C 25 0 0 

5A A5 4 20 3E 4 3A 39 0 17 0 

5A A5 6 20 21 64 0 4 21 0 0 0 0 

5A A5 1 3E 20 1 B0 20 

5A A5 7 21 20 64 0 6 7C 25 0 0 7 1 

5A A5 5 21 20 65 0 4 7C 25 0 0 

5A A5 5 21 20 61 0 4 7C 25 0 0 

5A A5 2 20 3E 4 77 0 0 

5A A5 6 20 21 64 0 4 21 0 0 0 0 

5A A5 5 21 20 61 0 4 7C 24 0 0 

5A A5 6 20 3E 4 23 0 0 A4 4 CD 5 

5A A5 6 20 21 64 0 4 21 0 0 0 0 

5A A5 1 3E 20 1 3A 4 

5A A5 7 21 20 64 0 6 7C 24 0 0 7 1 

5A A5 5 21 20 65 0 4 7C 24 0 0 

5A A5 5 21 20 65 0 4 7C 25 0 0 

5A A5 7 21 20 64 0 6 7C 25 0 0 7 1 

5A A5 5 21 20 65 0 4 7C 24 0 0 

5A A5 1 3E 20 1 7C 4 

5A A5 7 21 20 64 0 6 7C 24 0 0 7 1 

5A A5 5 21 20 61 0 4 7C 24 0 0 

5A A5 20 20 3E 4 B0 0 0 0 0 0 A 25 1D 21 0 0 0 5D 0 41 2 0 0 6 0 3A 0 E 1 0 0 FF FF 0 0 FF FF 

5A A5 6 20 21 64 0 4 21 0 0 0 0 

5A A5 5 21 20 65 0 4 7C 25 0 0 

5A A5 1 3E 20 1 23 6 

5A A5 7 21 20 64 0 6 7C 25 0 0 7 1 

5A A5 5 21 20 65 0 4 7C 25 0 0 

5A A5 5 21 20 65 0 4 7C 24 0 0 

5A A5 1 3E 20 1 77 2 

5A A5 7 21 20 64 0 6 7C 24 0 0 7 1 

5A A5 5 21 20 65 0 4 7C 25 0 0 

5A A5 1 3E 20 1 B0 20 

5A A5 7 21 20 64 0 6 7C 25 0 0 7 1 

5A A5 5 21 20 65 0 4 7C 24 0 0 

5A A5 5 21 20 61 0 4 7C 24 0 0 

5A A5 4 20 3E 4 3A 3A 0 17 0 

5A A5 6 20 21 64 0 4 21 0 0 0 0 

5A A5 5 21 20 61 0 4 7C 25 0 0 

5A A5 20 20 3E 4 B0 0 0 0 0 0 A 25 1D 21 0 0 0 5D 0 41 2 0 0 6 0 3A 0 E 1 0 0 FF FF 0 0 FF FF 

5A A5 6 20 21 64 0 4 21 0 0 0 0 

5A A5 5 21 20 65 0 4 7C 24 0 0 

5A A5 5 21 20 65 0 4 7C 25 0 0 

5A A5 6 20 21 64 0 4 21 0 0 0 0 

5A A5 5 21 20 61 0 4 7C 25 0 0 

5A A5 2 20 3E 4 77 0 0 

5A A5 6 20 21 64 0 4 21 0 0 0 0 

5A A5 1 3E 20 1 23 6 

5A A5 7 21 20 64 0 6 7C 25 0 0 7 1 

5A A5 5 21 20 61 0 4 7C 25 0 0 

5A A5 6 20 3E 4 23 0 0 A4 4 CD 5 

5A A5 6 20 21 64 0 4 21 0 0 0 0 

5A A5 1 3E 20 1 B0 20 

5A A5 7 21 20 64 0 6 7C 24 0 0 7 1 

5A A5 5 21 20 65 0 4 7C 25 0 0 

5A A5 5 21 20 61 0 4 7C 25 0 0 

5A A5 6 20 3E 4 23 0 0 A4 4 CD 5 

5A A5 6 20 21 64 0 4 21 0 0 0 0 

5A A5 5 21 20 61 0 4 7C 24 0 0 

5A A5 4 20 3E 4 3A 3B 0 17 0 

5A A5 6 20 21 64 0 4 21 0 0 0 0 

5A A5 1 3E 20 1 23 6 

5A A5 7 21 20 64 0 6 7C 25 0 0 7 1 

5A A5 5 21 20 61 0 4 7C 25 0 0 

5A A5 20 20 3E 4 B0 0 0 0 0 0 A 25 1D 21 0 0 0 5D 0 41 2 0 0 6 0 3B 0 E 1 0 0 FF FF 0 0 FF FF 

5A A5 6 20 21 64 0 4 21 0 0 0 0 

5A A5 5 21 20 65 0 4 7C 25 0 0 

5A A5 1 3E 20 1 77 2 

5A A5 7 21 20 64 0 6 7C 24 0 0 7 1 

5A A5 5 21 20 65 0 4 7C 24 0 0 

5A A5 1 3E 20 1 23 6 

5A A5 7 21 20 64 0 6 7C 25 0 0 7 1 

5A A5 5 21 20 61 0 4 7C 25 0 0 

5A A5 4 20 3E 4 7C 1 0 EF FF 

5A A5 6 20 21 64 0 4 21 0 0 0 0 

5A A5 1 3E 20 1 3A 4 

5A A5 7 21 20 64 0 6 7C 24 0 0 7 1 

5A A5 5 21 20 61 0 4 7C 24 0 0 

5A A5 20 20 3E 4 B0 0 0 0 0 0 A 25 1D 21 0 0 0 5D 0 41 2 0 0 6 0 3B 0 E 1 0 0 FF FF 0 0 FF FF 

5A A5 6 20 21 64 0 4 21 0 0 0 0 

5A A5 5 21 20 65 0 4 7C 24 0 0 

5A A5 1 3E 20 1 77 2 

5A A5 7 21 20 64 0 6 7C 25 0 0 7 1 

5A A5 5 21 20 65 0 4 7C 25 0 0 

5A A5 5 21 20 65 0 4 7C 24 0 0 

5A A5 1 3E 20 1 23 6 

5A A5 7 21 20 64 0 6 7C 25 0 0 7 1 

5A A5 5 21 20 65 0 4 7C 25 0 0 

5A A5 5 21 20 65 0 4 7C 25 0 0 

5A A5 5 21 20 61 0 4 7C 24 0 0 

5A A5 2 20 3E 4 77 0 0 

5A A5 6 20 21 64 0 4 21 0 0 0 0 

5A A5 1 3E 20 1 3A 4 

5A A5 7 21 20 64 0 6 7C 24 0 0 7 1 

5A A5 5 21 20 61 0 4 7C 24 0 0 

